24-05-17 12:05:06 Elapsed Length  Execution trace by 'Common VBA Execution Trace Service (mTrc)' (https://github.com/warbe-maker/VBA-Trace)
24-05-17 12:05:06 seconds seconds >> Export Changed Components (by CompMan.xlsb) for PrivProf.xlsb
24-05-17 12:05:06 00,0000         |  >> mCompMan.UpdateOutdatedCommonComponents
24-05-17 12:05:06 00,0010         |  |  >> clsServices.Initiate
24-05-17 12:05:06 00,0019         |  |  |  >> clsCompManDat.Class_Initialize
24-05-17 12:05:06 00,0050         |  |  |  |  >> clsPrivProf.FileName-Let
24-05-17 12:05:06 00,0065         |  |  |  |  |  >> clsPrivProf.PPfileAsPPtwin (E:\Sync\Excel VBA\DevAndTest\PrivProf\CompMan.dat)
24-05-17 12:05:06 00,0101 00,0035 |  |  |  |  |  << clsPrivProf.PPfileAsPPtwin (E:\Sync\Excel VBA\DevAndTest\PrivProf\CompMan.dat)
24-05-17 12:05:06 00,0533 00,0483 |  |  |  |  << clsPrivProf.FileName-Let
24-05-17 12:05:06 00,0546         |  |  |  |  >> clsPrivProf.FileName-Let
24-05-17 12:05:06 00,0565         |  |  |  |  |  >> clsPrivProf.PPfileAsPPtwin (E:\Sync\Excel VBA\DevAndTest\PrivProf\CompMan.dat)
24-05-17 12:05:06 00,0603 00,0038 |  |  |  |  |  << clsPrivProf.PPfileAsPPtwin (E:\Sync\Excel VBA\DevAndTest\PrivProf\CompMan.dat)
24-05-17 12:05:06 00,0732 00,0186 |  |  |  |  << clsPrivProf.FileName-Let
24-05-17 12:05:06 00,0754 00,0735 |  |  |  << clsCompManDat.Class_Initialize
24-05-17 12:05:06 00,0759         |  |  |  >> clsCommComps.Class_Initialize
24-05-17 12:05:06 00,0775         |  |  |  |  >> clsPrivProf.FileName-Let
24-05-17 12:05:06 00,0807         |  |  |  |  |  >> clsPrivProf.PPfileAsPPtwin (E:\Sync\Excel VBA\DevAndTest\Common-Components\CommComps.dat)
24-05-17 12:05:06 00,0972 00,0164 |  |  |  |  |  << clsPrivProf.PPfileAsPPtwin (E:\Sync\Excel VBA\DevAndTest\Common-Components\CommComps.dat)
24-05-17 12:05:06 00,1423 00,0647 |  |  |  |  << clsPrivProf.FileName-Let
24-05-17 12:05:06 00,1439         |  |  |  |  >> clsPrivProf.FileName-Let
24-05-17 12:05:06 00,1470         |  |  |  |  |  >> clsPrivProf.PPfileAsPPtwin (E:\Sync\Excel VBA\DevAndTest\Common-Components\CommComps.dat)
24-05-17 12:05:06 00,1560 00,0089 |  |  |  |  |  << clsPrivProf.PPfileAsPPtwin (E:\Sync\Excel VBA\DevAndTest\Common-Components\CommComps.dat)
24-05-17 12:05:06 00,1892 00,0454 |  |  |  |  << clsPrivProf.FileName-Let
24-05-17 12:05:06 00,1943 00,1184 |  |  |  << clsCommComps.Class_Initialize
24-05-17 12:05:06 00,1947         |  |  |  >> clsCommComps.Hskpng
24-05-17 12:05:06 00,2153         |  |  |  |  >> clsCommComps.HskpngSectionsObsolete
24-05-17 12:05:06 00,2318 00,0165 |  |  |  |  << clsCommComps.HskpngSectionsObsolete
24-05-17 12:05:06 00,2323         |  |  |  |  >> clsCommComps.HskpngSectionsMissing
24-05-17 12:05:06 00,3637 00,1314 |  |  |  |  << clsCommComps.HskpngSectionsMissing
24-05-17 12:05:06 00,3643         |  |  |  |  >> clsCommComps.HskpngUsedOrPrivate
24-05-17 12:05:06 00,6664 00,3020 |  |  |  |  << clsCommComps.HskpngUsedOrPrivate
24-05-17 12:05:06 00,6668         |  |  |  |  >> clsCommComps.HskpngHosted
24-05-17 12:05:06 00,7304 00,0635 |  |  |  |  << clsCommComps.HskpngHosted
24-05-17 12:05:06 00,7308         |  |  |  |  >> clsCommComps.Reorg
24-05-17 12:05:06 00,7311         |  |  |  |  |  >> clsPrivProf.FileName-Let
24-05-17 12:05:06 00,7355 00,0044 |  |  |  |  |  << clsPrivProf.FileName-Let
24-05-17 12:05:06 00,7359 00,0050 |  |  |  |  << clsCommComps.Reorg
24-05-17 12:05:06 00,7362 00,5415 |  |  |  << clsCommComps.Hskpng
24-05-17 12:05:06 00,7366         |  |  |  >> clsComps.CollectAllCommComps
24-05-17 12:05:07 01,0684 00,3317 |  |  |  << clsComps.CollectAllCommComps
24-05-17 12:05:07 01,0725 01,0715 |  |  << clsServices.Initiate
24-05-17 12:05:07 01,0734         |  |  >> mCommComps.OutdatedUpdate1Collect
24-05-17 12:05:07 01,0764         |  |  |  >> clsComp.Outdated
24-05-17 12:05:07 01,1329 00,0564 |  |  |  << clsComp.Outdated
24-05-17 12:05:07 01,1661         |  |  |  >> clsComp.Outdated
24-05-17 12:05:07 01,2021 00,0360 |  |  |  << clsComp.Outdated
24-05-17 12:05:07 01,2075         |  |  |  >> clsComp.Outdated
24-05-17 12:05:07 01,2321 00,0246 |  |  |  << clsComp.Outdated
24-05-17 12:05:07 01,2336         |  |  |  >> clsComp.Outdated
24-05-17 12:05:07 01,2762 00,0426 |  |  |  << clsComp.Outdated
24-05-17 12:05:07 01,2866         |  |  |  >> clsComp.Outdated
24-05-17 12:05:07 01,3041 00,0175 |  |  |  << clsComp.Outdated
24-05-17 12:05:07 01,3148         |  |  |  >> clsComp.Outdated
24-05-17 12:05:07 01,3351 00,0203 |  |  |  << clsComp.Outdated
24-05-17 12:05:07 01,3413         |  |  |  >> clsComp.Outdated
24-05-17 12:05:07 01,3612 00,0199 |  |  |  << clsComp.Outdated
24-05-17 12:05:07 01,3666         |  |  |  >> clsComp.Outdated
24-05-17 12:05:07 01,3888 00,0222 |  |  |  << clsComp.Outdated
24-05-17 12:05:07 01,4012         |  |  |  >> clsCommComps.PendingReleases
24-05-17 12:05:07 01,4031         |  |  |  |  >> clsCommComps.Components
24-05-17 12:05:07 01,4104 00,0073 |  |  |  |  << clsCommComps.Components
24-05-17 12:05:07 01,4911 00,0900 |  |  |  << clsCommComps.PendingReleases
24-05-17 12:05:07 01,4925 00,4191 |  |  << mCommComps.OutdatedUpdate1Collect
24-05-17 12:05:08 01,8359 01,8359 |  << mCompMan.UpdateOutdatedCommonComponents
24-05-17 12:05:08 01,8359 01,8359 << Export Changed Components (by CompMan.xlsb) for PrivProf.xlsb
24-05-17 12:05:08                 Execution trace by 'Common VBA Execution Trace Service (mTrc)' (https://github.com/warbe-maker/VBA-Trace)
24-05-17 12:05:08                 Impact on the overall performance (caused by the trace itself): 0,4 milliseconds!
===========================================================================================================================================
24-05-17 12:05:12 Elapsed Length  Execution trace by 'Common VBA Execution Trace Service (mTrc)' (https://github.com/warbe-maker/VBA-Trace)
24-05-17 12:05:12 seconds seconds >> Export Changed Components (by CompMan.xlsb) for PrivProf.xlsb
24-05-17 12:05:12 00,0000         |  >> mCommComps.OutdatedUpdate2Choice1Update
24-05-17 12:05:12 00,0371         |  |  >> mMe.ByReImport
24-05-17 12:05:14 01,8218         |  |  |  >> mMe.OutCommentCode
24-05-17 12:05:14 01,9839 00,1621 |  |  |  << mMe.OutCommentCode
24-05-17 12:05:14 02,1846 02,1475 |  |  << mMe.ByReImport
24-05-17 12:05:18 06,1361 06,1361 |  << mCommComps.OutdatedUpdate2Choice1Update
24-05-17 12:05:18 06,1361 06,1361 << Export Changed Components (by CompMan.xlsb) for PrivProf.xlsb
24-05-17 12:05:18                 Execution trace by 'Common VBA Execution Trace Service (mTrc)' (https://github.com/warbe-maker/VBA-Trace)
24-05-17 12:05:18                 Impact on the overall performance (caused by the trace itself): 0,4 milliseconds!
===========================================================================================================================================
24-05-17 12:09:28 Elapsed Length  Execution trace by 'Common VBA Execution Trace Service (mTrc)' (https://github.com/warbe-maker/VBA-Trace)
24-05-17 12:09:28 seconds seconds >> Update Outdated Common Components (by CompMan.xlsb) for PrivProf.xlsb
24-05-17 12:09:28 00,0000         |  >> mCompMan.ExportChangedComponents
24-05-17 12:09:28 00,0021         |  |  >> clsServices.Initiate
24-05-17 12:09:28 00,0039         |  |  |  >> clsCompManDat.Class_Initialize
24-05-17 12:09:28 00,0068         |  |  |  |  >> clsPrivProf.FileName-Let
24-05-17 12:09:28 00,0083         |  |  |  |  |  >> clsPrivProf.PPfileAsPPtwin (E:\Sync\Excel VBA\DevAndTest\PrivProf\CompMan.dat)
24-05-17 12:09:28 00,0121 00,0037 |  |  |  |  |  << clsPrivProf.PPfileAsPPtwin (E:\Sync\Excel VBA\DevAndTest\PrivProf\CompMan.dat)
24-05-17 12:09:28 00,0270 00,0201 |  |  |  |  << clsPrivProf.FileName-Let
24-05-17 12:09:28 00,0290         |  |  |  |  >> clsPrivProf.FileName-Let
24-05-17 12:09:28 00,0321         |  |  |  |  |  >> clsPrivProf.PPfileAsPPtwin (E:\Sync\Excel VBA\DevAndTest\PrivProf\CompMan.dat)
24-05-17 12:09:28 00,0401 00,0080 |  |  |  |  |  << clsPrivProf.PPfileAsPPtwin (E:\Sync\Excel VBA\DevAndTest\PrivProf\CompMan.dat)
24-05-17 12:09:28 00,0620 00,0330 |  |  |  |  << clsPrivProf.FileName-Let
24-05-17 12:09:28 00,0671 00,0632 |  |  |  << clsCompManDat.Class_Initialize
24-05-17 12:09:28 00,0681         |  |  |  >> clsCommComps.Class_Initialize
24-05-17 12:09:28 00,0715         |  |  |  |  >> clsPrivProf.FileName-Let
24-05-17 12:09:29 00,3578         |  |  |  |  |  >> clsPrivProf.PPfileAsPPtwin (E:\Sync\Excel VBA\DevAndTest\Common-Components\CommComps.dat)
24-05-17 12:09:29 00,3693 00,0115 |  |  |  |  |  << clsPrivProf.PPfileAsPPtwin (E:\Sync\Excel VBA\DevAndTest\Common-Components\CommComps.dat)
24-05-17 12:09:29 00,4116 00,3401 |  |  |  |  << clsPrivProf.FileName-Let
24-05-17 12:09:29 00,4132         |  |  |  |  >> clsPrivProf.FileName-Let
24-05-17 12:09:29 00,4165         |  |  |  |  |  >> clsPrivProf.PPfileAsPPtwin (E:\Sync\Excel VBA\DevAndTest\Common-Components\CommComps.dat)
24-05-17 12:09:29 00,4249 00,0084 |  |  |  |  |  << clsPrivProf.PPfileAsPPtwin (E:\Sync\Excel VBA\DevAndTest\Common-Components\CommComps.dat)
24-05-17 12:09:29 00,4589 00,0457 |  |  |  |  << clsPrivProf.FileName-Let
24-05-17 12:09:29 00,4643 00,3962 |  |  |  << clsCommComps.Class_Initialize
24-05-17 12:09:29 00,4653         |  |  |  >> clsCommComps.Hskpng
24-05-17 12:09:29 00,4845         |  |  |  |  >> clsCommComps.HskpngSectionsObsolete
24-05-17 12:09:29 00,4956 00,0112 |  |  |  |  << clsCommComps.HskpngSectionsObsolete
24-05-17 12:09:29 00,4964         |  |  |  |  >> clsCommComps.HskpngSectionsMissing
24-05-17 12:09:29 00,6341 00,1377 |  |  |  |  << clsCommComps.HskpngSectionsMissing
24-05-17 12:09:29 00,6345         |  |  |  |  >> clsCommComps.HskpngUsedOrPrivate
24-05-17 12:09:30 01,4482 00,8136 |  |  |  |  << clsCommComps.HskpngUsedOrPrivate
24-05-17 12:09:30 01,4488         |  |  |  |  >> clsCommComps.HskpngHosted
24-05-17 12:09:30 01,5123 00,0635 |  |  |  |  << clsCommComps.HskpngHosted
24-05-17 12:09:30 01,5130         |  |  |  |  >> clsCommComps.Reorg
24-05-17 12:09:30 01,5134         |  |  |  |  |  >> clsPrivProf.FileName-Let
24-05-17 12:09:30 01,5186 00,0052 |  |  |  |  |  << clsPrivProf.FileName-Let
24-05-17 12:09:30 01,5189 00,0060 |  |  |  |  << clsCommComps.Reorg
24-05-17 12:09:30 01,5193 01,0539 |  |  |  << clsCommComps.Hskpng
24-05-17 12:09:30 01,5223 01,5203 |  |  << clsServices.Initiate
24-05-17 12:09:32 03,2464         |  |  >> clsServices.ExportChangedComponents
24-05-17 12:09:32 03,2468         |  |  |  >> mExport.ChangedComponents
24-05-17 12:09:32 03,8882         |  |  |  |  >> clsServices.RemoveTempRenamed
24-05-17 12:09:32 03,8888 00,0006 |  |  |  |  << clsServices.RemoveTempRenamed
24-05-17 12:09:32 03,8900         |  |  |  |  >> clsCommComps.PendingReleases
24-05-17 12:09:32 03,8905         |  |  |  |  |  >> clsCommComps.Components
24-05-17 12:09:32 03,8951 00,0046 |  |  |  |  |  << clsCommComps.Components
24-05-17 12:09:32 03,9882 00,0983 |  |  |  |  << clsCommComps.PendingReleases
24-05-17 12:09:32 03,9887 00,7419 |  |  |  << mExport.ChangedComponents
24-05-17 12:09:32 03,9891 00,7427 |  |  << clsServices.ExportChangedComponents
24-05-17 12:09:32 03,9896 03,9896 |  << mCompMan.ExportChangedComponents
24-05-17 12:09:32 03,9896 03,9896 << Update Outdated Common Components (by CompMan.xlsb) for PrivProf.xlsb
24-05-17 12:09:32                 Execution trace by 'Common VBA Execution Trace Service (mTrc)' (https://github.com/warbe-maker/VBA-Trace)
24-05-17 12:09:32                 Impact on the overall performance (caused by the trace itself): 0,4 milliseconds!
