24-03-12-12:27:38 =========================================================================
24-03-12-12:27:38      Update Outdated Common Components (by Add-in) for PrivProf.xlsb     
24-03-12-12:27:38 -------------------------------------------------------------------------
24-03-12-12:27:38  Class-Module    clsPrivProf .......: Used Common Component is up-to-date
24-03-12-12:27:38  UserForm        fMsg ..............: Component is up-to-date! Revision-Number has been set to to 2024-02-08-14-35-34 (UTC) (the raw's in the Common Components Folder)
24-03-12-12:27:38                                       Used Common Component is up-to-date
24-03-12-12:27:38  Standard-Module mBasic ............: Component is up-to-date! Revision-Number has been set to to 2024-02-08-14-08-52 (UTC) (the raw's in the Common Components Folder)
24-03-12-12:27:38                                       Used Common Component is up-to-date
24-03-12-12:27:38  Standard-Module mCompManClient ....: Component is up-to-date! Revision-Number has been set to to 2024-02-08-14-21-51 (UTC) (the raw's in the Common Components Folder)
24-03-12-12:27:38                                       Used Common Component is up-to-date
24-03-12-12:27:38  Standard-Module mErH ..............: Used Common Component is up-to-date
24-03-12-12:27:38  Standard-Module mMsg ..............: Used Common Component is up-to-date
24-03-12-12:27:38  Standard-Module mTrc ..............: Used Common Component is up-to-date
24-03-12-12:40:59 =========================================================================
24-03-12-12:40:59          Export Changed Components (by Add-in) for PrivProf.xlsb         
24-03-12-12:40:59 -------------------------------------------------------------------------
24-03-12-12:40:59  Class-Module clsPrivProf .: Modified Common Component: e x p o r t e d !
24-03-12-12:40:59                              Modified Common Component: Last modification info changed from 2024-03-11-17-45-03 (UTC) to 2024-03-12-11-40-59 (UTC)
24-03-12-12:40:59                              Modified Common Component: Pending Release registered
24-03-12-12:51:14 ========================================================================
24-03-12-12:51:14         Export Changed Components (by Add-in) for PrivProf.xlsb         
24-03-12-12:51:14 ------------------------------------------------------------------------
24-03-12-12:51:14  Standard-Module mPrivProfTest .: Modified VBComponent e x p o r t e d !
24-03-12-12:51:14  Class-Module    clsPrivProf ...: Modified Common Component: e x p o r t e d !
24-03-12-12:51:14                                   Modified Common Component: Last modification info changed from 2024-03-12-11-40-59 (UTC) to 2024-03-12-11-51-14 (UTC)
24-03-12-12:51:14                                   Modified Common Component: Pending Release registered
24-03-12-13:31:54 ========================================================================
24-03-12-13:31:54         Export Changed Components (by Add-in) for PrivProf.xlsb         
24-03-12-13:31:54 ------------------------------------------------------------------------
24-03-12-13:31:54  Standard-Module mPrivProfTest .: Modified VBComponent e x p o r t e d !
24-03-12-13:31:54  Class-Module    clsPrivProf ...: Modified Common Component: e x p o r t e d !
24-03-12-13:31:54                                   Modified Common Component: Last modification info changed from 2024-03-12-11-51-14 (UTC) to 2024-03-12-12-31-54 (UTC)
24-03-12-13:31:54                                   Modified Common Component: Pending Release registered
24-03-12-13:35:19 ========================================================================
24-03-12-13:35:19         Export Changed Components (by Add-in) for PrivProf.xlsb         
24-03-12-13:35:19 ------------------------------------------------------------------------
24-03-12-13:35:19  Standard-Module mPrivProfTest .: Modified VBComponent e x p o r t e d !
24-03-13-18:22:31 ========================================================================
24-03-13-18:22:31         Export Changed Components (by Add-in) for PrivProf.xlsb         
24-03-13-18:22:31 ------------------------------------------------------------------------
24-03-13-18:22:31  Standard-Module mPrivProfTest .: Modified VBComponent e x p o r t e d !
24-03-13-18:57:19 ========================================================================
24-03-13-18:57:19         Export Changed Components (by Add-in) for PrivProf.xlsb         
24-03-13-18:57:19 ------------------------------------------------------------------------
24-03-13-18:57:19  Standard-Module mPrivProfTest .: Modified VBComponent e x p o r t e d !
24-03-13-18:57:19  Class-Module    clsPrivProf ...: Modified Common Component: e x p o r t e d !
24-03-13-18:57:19                                   Modified Common Component: Last modification info changed from 2024-03-12-12-31-54 (UTC) to 2024-03-13-17-57-19 (UTC)
24-03-13-18:57:19                                   Modified Common Component: Pending Release registered
24-03-13-19:24:08 ========================================================================
24-03-13-19:24:08         Export Changed Components (by Add-in) for PrivProf.xlsb         
24-03-13-19:24:08 ------------------------------------------------------------------------
24-03-13-19:24:08  Standard-Module mPrivProfTest .: Modified VBComponent e x p o r t e d !
24-03-13-19:24:08  Class-Module    clsPrivProf ...: Modified Common Component: e x p o r t e d !
24-03-13-19:24:08                                   Modified Common Component: Last modification info changed from 2024-03-13-17-57-19 (UTC) to 2024-03-13-18-24-08 (UTC)
24-03-13-19:24:08                                   Modified Common Component: Pending Release registered
24-03-13-19:29:30 ========================================================================
24-03-13-19:29:30         Export Changed Components (by Add-in) for PrivProf.xlsb         
24-03-13-19:29:30 ------------------------------------------------------------------------
24-03-13-19:29:30  Standard-Module mPrivProfTest .: Modified VBComponent e x p o r t e d !
24-03-15-16:15:21 =========================================================================
24-03-15-16:15:21      Update Outdated Common Components (by Add-in) for PrivProf.xlsb     
24-03-15-16:15:21 -------------------------------------------------------------------------
24-03-15-16:15:21  Class-Module    clsPrivProf .......: Used Common Component is up-to-date
24-03-15-16:15:21  UserForm        fMsg ..............: Component is up-to-date! Revision-Number has been set to to 2024-02-08-14-35-34 (UTC) (the raw's in the Common Components Folder)
24-03-15-16:15:21                                       Used Common Component is up-to-date
24-03-15-16:15:21  Standard-Module mBasic ............: Component is up-to-date! Revision-Number has been set to to 2024-02-08-14-08-52 (UTC) (the raw's in the Common Components Folder)
24-03-15-16:15:21                                       Used Common Component is up-to-date
24-03-15-16:15:21  Standard-Module mCompManClient ....: Component is up-to-date! Revision-Number has been set to to 2024-02-08-14-21-51 (UTC) (the raw's in the Common Components Folder)
24-03-15-16:15:21                                       Used Common Component is up-to-date
24-03-15-16:15:21  Standard-Module mErH ..............: Used Common Component is up-to-date
24-03-15-16:15:21  Standard-Module mMsg ..............: Used Common Component is up-to-date
24-03-15-16:15:21  Standard-Module mTrc ..............: Used Common Component is up-to-date
24-03-15-17:42:01 ========================================================================
24-03-15-17:42:01         Export Changed Components (by Add-in) for PrivProf.xlsb         
24-03-15-17:42:01 ------------------------------------------------------------------------
24-03-15-17:42:01  Standard-Module mPrivProfTest .: Modified VBComponent e x p o r t e d !
24-03-15-17:42:01  Class-Module    clsPrivProf ...: Modified Common Component: e x p o r t e d !
24-03-15-17:42:01                                   Modified Common Component: Last modification info changed from 2024-03-13-18-24-08 (UTC) to 2024-03-15-16-42-01 (UTC)
24-03-15-17:42:01                                   Modified Common Component: Pending Release registered
24-03-15-18:36:01 ========================================================================
24-03-15-18:36:01         Export Changed Components (by Add-in) for PrivProf.xlsb         
24-03-15-18:36:01 ------------------------------------------------------------------------
24-03-15-18:36:01  Standard-Module mPrivProfTest .: Modified VBComponent e x p o r t e d !
24-03-15-18:36:01  Class-Module    clsPrivProf ...: Modified Common Component: e x p o r t e d !
24-03-15-18:36:01                                   Modified Common Component: Last modification info changed from 2024-03-15-16-42-01 (UTC) to 2024-03-15-17-36-01 (UTC)
24-03-15-18:36:01                                   Modified Common Component: Pending Release registered
24-03-15-18:38:25 =========================================================================
24-03-15-18:38:25          Export Changed Components (by Add-in) for PrivProf.xlsb         
24-03-15-18:38:25 -------------------------------------------------------------------------
24-03-15-18:38:25  Class-Module clsPrivProf .: Modified Common Component: e x p o r t e d !
24-03-15-18:38:25                              Modified Common Component: Last modification info changed from 2024-03-15-17-36-01 (UTC) to 2024-03-15-17-38-25 (UTC)
24-03-15-18:38:25                              Modified Common Component: Pending Release registered
24-03-15-18:51:14 ========================================================================
24-03-15-18:51:14         Export Changed Components (by Add-in) for PrivProf.xlsb         
24-03-15-18:51:14 ------------------------------------------------------------------------
24-03-15-18:51:14  Standard-Module mPrivProfTest .: Modified VBComponent e x p o r t e d !
24-03-15-18:51:14  Class-Module    clsPrivProf ...: Modified Common Component: e x p o r t e d !
24-03-15-18:51:14                                   Modified Common Component: Last modification info changed from 2024-03-15-17-38-25 (UTC) to 2024-03-15-17-51-14 (UTC)
24-03-15-18:51:14                                   Modified Common Component: Pending Release registered
24-03-15-18:54:11 =========================================================================
24-03-15-18:54:11          Export Changed Components (by Add-in) for PrivProf.xlsb         
24-03-15-18:54:11 -------------------------------------------------------------------------
24-03-15-18:54:11  Class-Module clsPrivProf .: Modified Common Component: e x p o r t e d !
24-03-15-18:54:11                              Modified Common Component: Last modification info changed from 2024-03-15-17-51-14 (UTC) to 2024-03-15-17-54-11 (UTC)
24-03-15-18:54:11                              Modified Common Component: Pending Release registered
24-03-16-15:01:27 =========================================================================
24-03-16-15:01:27      Update Outdated Common Components (by Add-in) for PrivProf.xlsb     
24-03-16-15:01:27 -------------------------------------------------------------------------
24-03-16-15:01:27  Class-Module    clsPrivProf .......: Used Common Component is up-to-date
24-03-16-15:01:27  UserForm        fMsg ..............: Component is up-to-date! Revision-Number has been set to to 2024-02-08-14-35-34 (UTC) (the raw's in the Common Components Folder)
24-03-16-15:01:27                                       Used Common Component is up-to-date
24-03-16-15:01:27  Standard-Module mBasic ............: Component is up-to-date! Revision-Number has been set to to 2024-02-08-14-08-52 (UTC) (the raw's in the Common Components Folder)
24-03-16-15:01:27                                       Used Common Component is up-to-date
24-03-16-15:01:27  Standard-Module mCompManClient ....: Component is up-to-date! Revision-Number has been set to to 2024-02-08-14-21-51 (UTC) (the raw's in the Common Components Folder)
24-03-16-15:01:27                                       Used Common Component is up-to-date
24-03-16-15:01:27  Standard-Module mErH ..............: Used Common Component is up-to-date
24-03-16-15:01:27  Standard-Module mMsg ..............: Used Common Component is up-to-date
24-03-16-15:01:27  Standard-Module mTrc ..............: Used Common Component is up-to-date
24-03-17-15:22:49 =========================================================================
24-03-17-15:22:49          Export Changed Components (by Add-in) for PrivProf.xlsb         
24-03-17-15:22:49 -------------------------------------------------------------------------
24-03-17-15:22:49  Class-Module clsPrivProf .: Modified Common Component: e x p o r t e d !
24-03-17-15:22:49                              Modified Common Component: Last modification info changed from 2024-03-15-17-54-11 (UTC) to 2024-03-17-14-22-49 (UTC)
24-03-17-15:22:49                              Modified Common Component: Pending Release registered
24-03-17-15:52:53 ========================================================================
24-03-17-15:52:53         Export Changed Components (by Add-in) for PrivProf.xlsb         
24-03-17-15:52:53 ------------------------------------------------------------------------
24-03-17-15:52:53  Standard-Module mPrivProfTest .: Modified VBComponent e x p o r t e d !
24-03-17-15:52:53  Class-Module    clsPrivProf ...: Modified Common Component: e x p o r t e d !
24-03-17-15:52:53                                   Modified Common Component: Last modification info changed from 2024-03-17-14-22-49 (UTC) to 2024-03-17-14-52-53 (UTC)
24-03-17-15:52:53                                   Modified Common Component: Pending Release registered
24-03-17-16:16:32 ========================================================================
24-03-17-16:16:32         Export Changed Components (by Add-in) for PrivProf.xlsb         
24-03-17-16:16:32 ------------------------------------------------------------------------
24-03-17-16:16:32  Standard-Module mPrivProfTest .: Modified VBComponent e x p o r t e d !
24-03-17-16:16:32  Class-Module    clsPrivProf ...: Modified Common Component: e x p o r t e d !
24-03-17-16:16:32                                   Modified Common Component: Last modification info changed from 2024-03-17-14-52-53 (UTC) to 2024-03-17-15-16-32 (UTC)
24-03-17-16:16:32                                   Modified Common Component: Pending Release registered
24-03-17-16:44:08 ========================================================================
24-03-17-16:44:08         Export Changed Components (by Add-in) for PrivProf.xlsb         
24-03-17-16:44:08 ------------------------------------------------------------------------
24-03-17-16:44:08  Standard-Module mPrivProfTest .: Modified VBComponent e x p o r t e d !
24-03-17-16:44:08  Class-Module    clsPrivProf ...: Modified Common Component: e x p o r t e d !
24-03-17-16:44:08                                   Modified Common Component: Last modification info changed from 2024-03-17-15-16-32 (UTC) to 2024-03-17-15-44-08 (UTC)
24-03-17-16:44:08                                   Modified Common Component: Pending Release registered
24-03-17-16:50:20 ========================================================================
24-03-17-16:50:20         Export Changed Components (by Add-in) for PrivProf.xlsb         
24-03-17-16:50:20 ------------------------------------------------------------------------
24-03-17-16:50:20  Standard-Module mPrivProfTest .: Modified VBComponent e x p o r t e d !
24-03-17-16:50:20  Class-Module    clsPrivProf ...: Modified Common Component: e x p o r t e d !
24-03-17-16:50:20                                   Modified Common Component: Last modification info changed from 2024-03-17-15-44-08 (UTC) to 2024-03-17-15-50-20 (UTC)
24-03-17-16:50:20                                   Modified Common Component: Pending Release registered
24-03-17-16:58:22 ========================================================================
24-03-17-16:58:22         Export Changed Components (by Add-in) for PrivProf.xlsb         
24-03-17-16:58:22 ------------------------------------------------------------------------
24-03-17-16:58:22  Standard-Module mPrivProfTest .: Modified VBComponent e x p o r t e d !
24-03-17-16:58:23  Class-Module    clsPrivProf ...: Modified Common Component: e x p o r t e d !
24-03-17-16:58:23                                   Modified Common Component: Last modification info changed from 2024-03-17-15-50-20 (UTC) to 2024-03-17-15-58-23 (UTC)
24-03-17-16:58:23                                   Modified Common Component: Pending Release registered
24-03-17-17:02:10 =========================================================================
24-03-17-17:02:10          Export Changed Components (by Add-in) for PrivProf.xlsb         
24-03-17-17:02:10 -------------------------------------------------------------------------
24-03-17-17:02:10  Class-Module clsPrivProf .: Modified Common Component: e x p o r t e d !
24-03-17-17:02:10                              Modified Common Component: Last modification info changed from 2024-03-17-15-58-23 (UTC) to 2024-03-17-16-02-10 (UTC)
24-03-17-17:02:10                              Modified Common Component: Pending Release registered
24-03-17-17:20:10 ========================================================================
24-03-17-17:20:10         Export Changed Components (by Add-in) for PrivProf.xlsb         
24-03-17-17:20:10 ------------------------------------------------------------------------
24-03-17-17:20:10  Standard-Module mPrivProfTest .: Modified VBComponent e x p o r t e d !
24-03-17-17:20:10  Class-Module    clsPrivProf ...: Modified Common Component: e x p o r t e d !
24-03-17-17:20:10                                   Modified Common Component: Last modification info changed from 2024-03-17-16-02-10 (UTC) to 2024-03-17-16-20-10 (UTC)
24-03-17-17:20:10                                   Modified Common Component: Pending Release registered
24-03-17-18:27:12 ========================================================================
24-03-17-18:27:12         Export Changed Components (by Add-in) for PrivProf.xlsb         
24-03-17-18:27:12 ------------------------------------------------------------------------
24-03-17-18:27:12  Standard-Module mPrivProfTest .: Modified VBComponent e x p o r t e d !
24-03-17-18:27:12  Class-Module    clsTestAid ....: Modified VBComponent e x p o r t e d !
24-03-17-18:27:12  Class-Module    clsPrivProfTest: Modified VBComponent e x p o r t e d !
24-03-17-18:29:17 =======================================================================
24-03-17-18:29:17         Export Changed Components (by Add-in) for PrivProf.xlsb        
24-03-17-18:29:17 -----------------------------------------------------------------------
24-03-17-18:29:17  Class-Module clsPrivProfTest .: Modified VBComponent e x p o r t e d !
24-03-17-18:34:56 ========================================================================
24-03-17-18:34:56         Export Changed Components (by Add-in) for PrivProf.xlsb         
24-03-17-18:34:56 ------------------------------------------------------------------------
24-03-17-18:34:56  Standard-Module mPrivProfTest .: Modified VBComponent e x p o r t e d !
24-03-17-18:34:56  Class-Module    clsPrivProfTest: Modified VBComponent e x p o r t e d !
24-03-17-18:36:54 ========================================================================
24-03-17-18:36:54         Export Changed Components (by Add-in) for PrivProf.xlsb         
24-03-17-18:36:54 ------------------------------------------------------------------------
24-03-17-18:36:54  Standard-Module mPrivProfTest .: Modified VBComponent e x p o r t e d !
24-03-17-18:36:54  Class-Module    clsTestAid ....: Modified VBComponent e x p o r t e d !
24-03-17-18:42:03 ========================================================================
24-03-17-18:42:03         Export Changed Components (by Add-in) for PrivProf.xlsb         
24-03-17-18:42:03 ------------------------------------------------------------------------
24-03-17-18:42:03  Standard-Module mPrivProfTest .: Modified VBComponent e x p o r t e d !
24-03-17-18:42:03  Class-Module    clsPrivProfTest: Modified VBComponent e x p o r t e d !
24-03-17-19:19:45 ========================================================================
24-03-17-19:19:45         Export Changed Components (by Add-in) for PrivProf.xlsb         
24-03-17-19:19:45 ------------------------------------------------------------------------
24-03-17-19:19:45  Standard-Module mPrivProfTest .: Modified VBComponent e x p o r t e d !
24-03-17-19:19:45  Class-Module    clsPrivProfTest: Modified VBComponent e x p o r t e d !
24-03-17-19:27:12 ========================================================================
24-03-17-19:27:12         Export Changed Components (by Add-in) for PrivProf.xlsb         
24-03-17-19:27:12 ------------------------------------------------------------------------
24-03-17-19:27:12  Standard-Module mPrivProfTest .: Modified VBComponent e x p o r t e d !
24-03-17-19:49:13 ========================================================================
24-03-17-19:49:13         Export Changed Components (by Add-in) for PrivProf.xlsb         
24-03-17-19:49:13 ------------------------------------------------------------------------
24-03-17-19:49:13  Standard-Module mPrivProfTest .: Modified VBComponent e x p o r t e d !
24-03-17-19:49:13  Class-Module    clsTestPrivProf: Modified VBComponent e x p o r t e d !
24-03-17-20:00:23 =========================================================================
24-03-17-20:00:23          Export Changed Components (by Add-in) for PrivProf.xlsb         
24-03-17-20:00:23 -------------------------------------------------------------------------
24-03-17-20:00:23  Class-Module clsPrivProf .: Modified Common Component: e x p o r t e d !
24-03-17-20:00:23                              Modified Common Component: Last modification info changed from 2024-03-17-16-20-10 (UTC) to 2024-03-17-19-00-23 (UTC)
24-03-17-20:00:23                              Modified Common Component: Pending Release registered
24-03-17-20:05:00 ========================================================================
24-03-17-20:05:00         Export Changed Components (by Add-in) for PrivProf.xlsb         
24-03-17-20:05:00 ------------------------------------------------------------------------
24-03-17-20:05:00  Standard-Module mPrivProfTest .: Modified VBComponent e x p o r t e d !
24-03-17-20:05:00  Class-Module    clsTestAid ....: Modified VBComponent e x p o r t e d !
24-03-17-21:48:54 =========================================================================
24-03-17-21:48:54   Update Outdated Common Components (by CompMan.xlsb) for PrivProf.xlsb  
24-03-17-21:48:54 -------------------------------------------------------------------------
24-03-17-21:48:54  Class-Module    clsPrivProf .......: Used Common Component is up-to-date
24-03-17-21:48:54  UserForm        fMsg ..............: Component is up-to-date! Revision-Number has been set to to 2024-02-08-14-35-34 (UTC) (the raw's in the Common Components Folder)
24-03-17-21:48:54                                       Used Common Component is up-to-date
24-03-17-21:48:54  Standard-Module mBasic ............: Component is up-to-date! Revision-Number has been set to to 2024-02-08-14-08-52 (UTC) (the raw's in the Common Components Folder)
24-03-17-21:48:54                                       Used Common Component is up-to-date
24-03-17-21:48:54  Standard-Module mCompManClient ....: Component is up-to-date! Revision-Number has been set to to 2024-02-08-14-21-51 (UTC) (the raw's in the Common Components Folder)
24-03-17-21:48:54                                       Used Common Component is up-to-date
24-03-17-21:48:54  Standard-Module mErH ..............: Used Common Component is up-to-date
24-03-17-21:48:54  Standard-Module mMsg ..............: Used Common Component is up-to-date
24-03-17-21:48:54  Standard-Module mTrc ..............: Used Common Component is up-to-date
24-03-18-13:56:42 =========================================================================
24-03-18-13:56:42      Update Outdated Common Components (by Add-in) for PrivProf.xlsb     
24-03-18-13:56:42 -------------------------------------------------------------------------
24-03-18-13:56:42  Class-Module    clsPrivProf .......: Used Common Component is up-to-date
24-03-18-13:56:42  UserForm        fMsg ..............: Component is up-to-date! Revision-Number has been set to to 2024-02-08-14-35-34 (UTC) (the raw's in the Common Components Folder)
24-03-18-13:56:42                                       Used Common Component is up-to-date
24-03-18-13:56:42  Standard-Module mBasic ............: Component is up-to-date! Revision-Number has been set to to 2024-02-08-14-08-52 (UTC) (the raw's in the Common Components Folder)
24-03-18-13:56:42                                       Used Common Component is up-to-date
24-03-18-13:56:42  Standard-Module mCompManClient ....: Component is up-to-date! Revision-Number has been set to to 2024-02-08-14-21-51 (UTC) (the raw's in the Common Components Folder)
24-03-18-13:56:42                                       Used Common Component is up-to-date
24-03-18-13:56:42  Standard-Module mErH ..............: Used Common Component is up-to-date
24-03-18-13:56:42  Standard-Module mMsg ..............: Used Common Component is up-to-date
24-03-18-13:56:42  Standard-Module mTrc ..............: Used Common Component is up-to-date
24-03-18-14:04:03 =========================================================================
24-03-18-14:04:03          Export Changed Components (by Add-in) for PrivProf.xlsb         
24-03-18-14:04:03 -------------------------------------------------------------------------
24-03-18-14:04:03  Class-Module clsPrivProf .: Modified Common Component: e x p o r t e d !
24-03-18-14:04:03                              Modified Common Component: Last modification info changed from 2024-03-17-19-00-23 (UTC) to 2024-03-18-13-04-03 (UTC)
24-03-18-14:04:03                              Modified Common Component: Pending Release registered
24-03-18-15:07:06 ========================================================================
24-03-18-15:07:06         Export Changed Components (by Add-in) for PrivProf.xlsb         
24-03-18-15:07:06 ------------------------------------------------------------------------
24-03-18-15:07:06  Standard-Module mPrivProfTest .: Modified VBComponent e x p o r t e d !
24-03-18-15:07:06  Class-Module    clsPrivProf ...: Modified Common Component: e x p o r t e d !
24-03-18-15:07:06                                   Modified Common Component: Last modification info changed from 2024-03-18-13-04-03 (UTC) to 2024-03-18-14-07-06 (UTC)
24-03-18-15:07:06                                   Modified Common Component: Pending Release registered
24-03-18-15:07:06  Class-Module    clsTestAid ....: Modified VBComponent e x p o r t e d !
24-03-18-15:07:06  Class-Module    clsTestPrivProf: Modified VBComponent e x p o r t e d !
24-03-18-15:17:18 =========================================================================
24-03-18-15:17:18          Export Changed Components (by Add-in) for PrivProf.xlsb         
24-03-18-15:17:18 -------------------------------------------------------------------------
24-03-18-15:17:18  Class-Module clsPrivProf .: Modified Common Component: e x p o r t e d !
24-03-18-15:17:18                              Modified Common Component: Last modification info changed from 2024-03-18-14-07-06 (UTC) to 2024-03-18-14-17-18 (UTC)
24-03-18-15:17:18                              Modified Common Component: Pending Release registered
24-03-18-16:03:10 ========================================================================
24-03-18-16:03:10         Export Changed Components (by Add-in) for PrivProf.xlsb         
24-03-18-16:03:10 ------------------------------------------------------------------------
24-03-18-16:03:10  Standard-Module mPrivProfTest .: Modified VBComponent e x p o r t e d !
24-03-18-16:03:10  Class-Module    clsPrivProf ...: Modified Common Component: e x p o r t e d !
24-03-18-16:03:10                                   Modified Common Component: Last modification info changed from 2024-03-18-14-17-18 (UTC) to 2024-03-18-15-03-10 (UTC)
24-03-18-16:03:10                                   Modified Common Component: Pending Release registered
24-03-18-16:03:10  Class-Module    clsTestAid ....: Modified VBComponent e x p o r t e d !
24-03-18-16:06:32 ========================================================================
24-03-18-16:06:32         Export Changed Components (by Add-in) for PrivProf.xlsb         
24-03-18-16:06:32 ------------------------------------------------------------------------
24-03-18-16:06:32  Standard-Module mPrivProfTest .: Modified VBComponent e x p o r t e d !
24-03-18-16:06:32  Class-Module    clsTestPrivProf: Modified VBComponent e x p o r t e d !
24-03-18-16:18:19 =========================================================================
24-03-18-16:18:19          Export Changed Components (by Add-in) for PrivProf.xlsb         
24-03-18-16:18:19 -------------------------------------------------------------------------
24-03-18-16:18:19  Class-Module clsPrivProf .: Modified Common Component: e x p o r t e d !
24-03-18-16:18:19                              Modified Common Component: Last modification info changed from 2024-03-18-15-03-10 (UTC) to 2024-03-18-15-18-19 (UTC)
24-03-18-16:18:19                              Modified Common Component: Pending Release registered
24-03-18-16:18:19  Class-Module clsTestAid ..: Modified VBComponent e x p o r t e d !
24-03-18-16:26:44 ========================================================================
24-03-18-16:26:44         Export Changed Components (by Add-in) for PrivProf.xlsb         
24-03-18-16:26:44 ------------------------------------------------------------------------
24-03-18-16:26:44  Standard-Module mPrivProfTest .: Modified VBComponent e x p o r t e d !
24-03-18-16:26:44  Class-Module    clsPrivProf ...: Modified Common Component: e x p o r t e d !
24-03-18-16:26:44                                   Modified Common Component: Last modification info changed from 2024-03-18-15-18-19 (UTC) to 2024-03-18-15-26-44 (UTC)
24-03-18-16:26:44                                   Modified Common Component: Pending Release registered
24-03-18-16:49:42 ========================================================================
24-03-18-16:49:42         Export Changed Components (by Add-in) for PrivProf.xlsb         
24-03-18-16:49:42 ------------------------------------------------------------------------
24-03-18-16:49:42  Standard-Module mPrivProfTest .: Modified VBComponent e x p o r t e d !
24-03-18-16:49:42  Class-Module    clsPrivProf ...: Modified Common Component: e x p o r t e d !
24-03-18-16:49:42                                   Modified Common Component: Last modification info changed from 2024-03-18-15-26-44 (UTC) to 2024-03-18-15-49-42 (UTC)
24-03-18-16:49:42                                   Modified Common Component: Pending Release registered
24-03-18-16:54:43 ========================================================================
24-03-18-16:54:43         Export Changed Components (by Add-in) for PrivProf.xlsb         
24-03-18-16:54:43 ------------------------------------------------------------------------
24-03-18-16:54:43  Standard-Module mPrivProfTest .: Modified VBComponent e x p o r t e d !
24-03-18-16:54:43  Class-Module    clsPrivProf ...: Modified Common Component: e x p o r t e d !
24-03-18-16:54:43                                   Modified Common Component: Last modification info changed from 2024-03-18-15-49-42 (UTC) to 2024-03-18-15-54-43 (UTC)
24-03-18-16:54:43                                   Modified Common Component: Pending Release registered
24-03-18-17:14:37 =========================================================================
24-03-18-17:14:37          Export Changed Components (by Add-in) for PrivProf.xlsb         
24-03-18-17:14:37 -------------------------------------------------------------------------
24-03-18-17:14:37  Class-Module clsPrivProf .: Modified Common Component: e x p o r t e d !
24-03-18-17:14:37                              Modified Common Component: Last modification info changed from 2024-03-18-15-54-43 (UTC) to 2024-03-18-16-14-37 (UTC)
24-03-18-17:14:37                              Modified Common Component: Pending Release registered
24-03-18-17:19:51 ========================================================================
24-03-18-17:19:51         Export Changed Components (by Add-in) for PrivProf.xlsb         
24-03-18-17:19:51 ------------------------------------------------------------------------
24-03-18-17:19:51  Standard-Module mPrivProfTest .: Modified VBComponent e x p o r t e d !
24-03-18-17:33:31 =========================================================================
24-03-18-17:33:31          Export Changed Components (by Add-in) for PrivProf.xlsb         
24-03-18-17:33:31 -------------------------------------------------------------------------
24-03-18-17:33:31  Class-Module clsPrivProf .: Modified Common Component: e x p o r t e d !
24-03-18-17:33:31                              Modified Common Component: Last modification info changed from 2024-03-18-16-14-37 (UTC) to 2024-03-18-16-33-31 (UTC)
24-03-18-17:33:31                              Modified Common Component: Pending Release registered
24-03-18-17:33:31  Standard-Mod mPrivProfTest: Modified VBComponent e x p o r t e d !
24-03-18-17:46:06 =========================================================================
24-03-18-17:46:06          Export Changed Components (by Add-in) for PrivProf.xlsb         
24-03-18-17:46:06 -------------------------------------------------------------------------
24-03-18-17:46:06  Class-Module clsPrivProf .: Modified Common Component: e x p o r t e d !
24-03-18-17:46:06                              Modified Common Component: Last modification info changed from 2024-03-18-16-33-31 (UTC) to 2024-03-18-16-46-06 (UTC)
24-03-18-17:46:06                              Modified Common Component: Pending Release registered
24-03-18-17:52:34 =========================================================================
24-03-18-17:52:34          Export Changed Components (by Add-in) for PrivProf.xlsb         
24-03-18-17:52:34 -------------------------------------------------------------------------
24-03-18-17:52:34  Class-Module clsPrivProf .: Modified Common Component: e x p o r t e d !
24-03-18-17:52:34                              Modified Common Component: Last modification info changed from 2024-03-18-16-46-06 (UTC) to 2024-03-18-16-52-34 (UTC)
24-03-18-17:52:34                              Modified Common Component: Pending Release registered
24-03-18-17:58:52 =========================================================================
24-03-18-17:58:52          Export Changed Components (by Add-in) for PrivProf.xlsb         
24-03-18-17:58:52 -------------------------------------------------------------------------
24-03-18-17:58:52  Class-Module clsPrivProf .: Modified Common Component: e x p o r t e d !
24-03-18-17:58:52                              Modified Common Component: Last modification info changed from 2024-03-18-16-52-34 (UTC) to 2024-03-18-16-58-52 (UTC)
24-03-18-17:58:52                              Modified Common Component: Pending Release registered
24-03-18-18:01:33 =========================================================================
24-03-18-18:01:33          Export Changed Components (by Add-in) for PrivProf.xlsb         
24-03-18-18:01:33 -------------------------------------------------------------------------
24-03-18-18:01:33  Class-Module clsPrivProf .: Modified Common Component: e x p o r t e d !
24-03-18-18:01:33                              Modified Common Component: Last modification info changed from 2024-03-18-16-58-52 (UTC) to 2024-03-18-17-01-33 (UTC)
24-03-18-18:01:33                              Modified Common Component: Pending Release registered
24-03-18-18:21:37 =========================================================================
24-03-18-18:21:37          Export Changed Components (by Add-in) for PrivProf.xlsb         
24-03-18-18:21:37 -------------------------------------------------------------------------
24-03-18-18:21:37  Class-Module clsPrivProf .: Modified Common Component: e x p o r t e d !
24-03-18-18:21:37                              Modified Common Component: Last modification info changed from 2024-03-18-17-01-33 (UTC) to 2024-03-18-17-21-37 (UTC)
24-03-18-18:21:37                              Modified Common Component: Pending Release registered
24-03-18-18:30:21 =========================================================================
24-03-18-18:30:21          Export Changed Components (by Add-in) for PrivProf.xlsb         
24-03-18-18:30:21 -------------------------------------------------------------------------
24-03-18-18:30:21  Class-Module clsPrivProf .: Modified Common Component: e x p o r t e d !
24-03-18-18:30:21                              Modified Common Component: Last modification info changed from 2024-03-18-17-21-37 (UTC) to 2024-03-18-17-30-21 (UTC)
24-03-18-18:30:21                              Modified Common Component: Pending Release registered
