24-03-12 12:39:55 Elapsed Length  Execution trace by 'Common VBA Execution Trace Service (mTrc)' (https://github.com/warbe-maker/VBA-Trace)
24-03-12 12:39:55 seconds seconds >> Begin execution trace 
24-03-12 12:39:55 00,0000         |  >> mPrivProfTest.Test_200_Property_Header
24-03-12 12:39:59 04,0196         |  |  >> 200-1 Property clsPrivProf.Header: File header write
24-03-12 12:40:13 17,6764         |  |  |  >> clsPrivProf.FileAsDict (E:\Sync\Excel VBA\DevAndTest\PrivProf\Test\PrivProf.dat)
24-03-12 12:40:13 17,6827 00,0063 |  |  |  << clsPrivProf.FileAsDict (E:\Sync\Excel VBA\DevAndTest\PrivProf\Test\PrivProf.dat)
24-03-12 12:40:13 17,6869 13,6673 |  |  << 200-1 Property clsPrivProf.Header: File header write
24-03-12 12:40:13 17,6969         |  |  >> 200-2 Property clsPrivProf.Header: File header read
24-03-12 12:40:13 17,6979 00,0009 |  |  << 200-2 Property clsPrivProf.Header: File header read ( Passed )
24-03-12 12:40:13 17,6982         |  |  >> 200-3 Property clsPrivProf.Header: Write section header
24-03-12 12:40:21 25,5912         |  |  |  >> clsPrivProf.FileAsDict (E:\Sync\Excel VBA\DevAndTest\PrivProf\Test\PrivProf.dat)
24-03-12 12:40:21 25,5962 00,0050 |  |  |  << clsPrivProf.FileAsDict (E:\Sync\Excel VBA\DevAndTest\PrivProf\Test\PrivProf.dat)
24-03-12 12:40:21 25,6002 07,9021 |  |  << 200-3 Property clsPrivProf.Header: Write section header ( Passed )
24-03-12 12:40:21 25,6014         |  |  >> 200-4 Property clsPrivProf.Header: Read section header
24-03-12 12:40:21 25,6022 00,0008 |  |  << 200-4 Property clsPrivProf.Header: Read section header ( Passed )
24-03-12 12:40:21 25,6025         |  |  >> 200-5 Property clsPrivProf.Header: Write value header
===========================================================================================================================================
24-03-12 12:45:21 Elapsed Length  Execution trace by 'Common VBA Execution Trace Service (mTrc)' (https://github.com/warbe-maker/VBA-Trace)
24-03-12 12:45:21 seconds seconds >> Begin execution trace 
24-03-12 12:45:21 00,0000         |  >> mPrivProfTest.Test_200_Property_Header
24-03-12 12:45:21 00,0081         |  |  >> 200-1 Property clsPrivProf.Header: File header write
24-03-12 12:45:21 00,0100         |  |  |  >> clsPrivProf.FileAsDict (E:\Sync\Excel VBA\DevAndTest\PrivProf\Test\PrivProf.dat)
24-03-12 12:45:21 00,0134 00,0034 |  |  |  << clsPrivProf.FileAsDict (E:\Sync\Excel VBA\DevAndTest\PrivProf\Test\PrivProf.dat)
24-03-12 12:45:21 00,0186 00,0105 |  |  << 200-1 Property clsPrivProf.Header: File header write
24-03-12 12:45:21 00,0199         |  |  >> 200-2 Property clsPrivProf.Header: File header read
24-03-12 12:45:21 00,0207 00,0009 |  |  << 200-2 Property clsPrivProf.Header: File header read ( Passed )
24-03-12 12:45:21 00,0211         |  |  >> 200-3 Property clsPrivProf.Header: Write section header
24-03-12 12:45:21 00,0223         |  |  |  >> clsPrivProf.FileAsDict (E:\Sync\Excel VBA\DevAndTest\PrivProf\Test\PrivProf.dat)
24-03-12 12:45:21 00,0249 00,0026 |  |  |  << clsPrivProf.FileAsDict (E:\Sync\Excel VBA\DevAndTest\PrivProf\Test\PrivProf.dat)
24-03-12 12:45:21 00,0279 00,0069 |  |  << 200-3 Property clsPrivProf.Header: Write section header ( Passed )
24-03-12 12:45:21 00,0291         |  |  >> 200-4 Property clsPrivProf.Header: Read section header
24-03-12 12:45:21 00,0299 00,0008 |  |  << 200-4 Property clsPrivProf.Header: Read section header ( Passed )
24-03-12 12:45:21 00,0302         |  |  >> 200-5 Property clsPrivProf.Header: Write value header
24-03-12 12:45:21 00,0319         |  |  |  >> clsPrivProf.FileAsDict (E:\Sync\Excel VBA\DevAndTest\PrivProf\Test\PrivProf.dat)
24-03-12 12:45:21 00,0352 00,0033 |  |  |  << clsPrivProf.FileAsDict (E:\Sync\Excel VBA\DevAndTest\PrivProf\Test\PrivProf.dat)
24-03-12 12:45:21 00,0385 00,0083 |  |  << 200-5 Property clsPrivProf.Header: Write value header ( Passed )
24-03-12 12:45:21 00,0396         |  |  >> 200-6 Property clsPrivProf.Header: Read value header
24-03-12 12:45:21 00,0405 00,0009 |  |  << 200-6 Property clsPrivProf.Header: Read value header ( Passed )
24-03-12 12:45:21 00,0411 00,0411 |  << mPrivProfTest.Test_200_Property_Header
24-03-12 12:45:21 00,0411 00,0411 << End execution trace 
24-03-12 12:45:21                 Execution trace by 'Common VBA Execution Trace Service (mTrc)' (https://github.com/warbe-maker/VBA-Trace)
24-03-12 12:45:21                 Impact on the overall performance (caused by the trace itself): 0,3 milliseconds!
===========================================================================================================================================
24-03-12 12:47:04 Elapsed Length  Execution trace by 'Common VBA Execution Trace Service (mTrc)' (https://github.com/warbe-maker/VBA-Trace)
24-03-12 12:47:04 seconds seconds >> Begin execution trace 
24-03-12 12:47:04 00,0000         |  >> mPrivProfTest.Test_110_Methods_xExists
24-03-12 12:47:04 00,0221         |  |  >> 110-1 Method   clsPrivProf.Exists: Section not exists
24-03-12 12:47:04 00,0237 00,0016 |  |  << 110-1 Method   clsPrivProf.Exists: Section not exists ( Passed )
24-03-12 12:47:04 00,0241         |  |  >> 110-3 Method   clsPrivProf.Exists: Section exists
24-03-12 12:50:01 176,7822 176,7581 |  |  << 110-3 Method   clsPrivProf.Exists: Section exists ( Passed )
24-03-12 12:50:01 176,7833         |  |  >> 110-3 Method   clsPrivProf.Exists: Value-Name exists
24-03-12 12:50:20 195,8427 19,0594 |  |  << 110-3 Method   clsPrivProf.Exists: Value-Name exists ( Passed )
24-03-12 12:50:20 195,8431         |  |  >> 110-4 Method   clsPrivProf.Exists: Value-Name not exists
24-03-12 12:50:20 195,8451 00,0020 |  |  << 110-4 Method   clsPrivProf.Exists: Value-Name not exists ( Passed )
24-03-12 12:50:20 195,8462 195,8462 |  << mPrivProfTest.Test_110_Methods_xExists
24-03-12 12:50:20 195,8462 195,8462 << End execution trace 
24-03-12 12:50:20                 Execution trace by 'Common VBA Execution Trace Service (mTrc)' (https://github.com/warbe-maker/VBA-Trace)
24-03-12 12:50:20                 Impact on the overall performance (caused by the trace itself): 0,8 milliseconds!
===========================================================================================================================================
24-03-13 18:32:23 Elapsed Length  Execution trace by 'Common VBA Execution Trace Service (mTrc)' (https://github.com/warbe-maker/VBA-Trace)
24-03-13 18:32:23 seconds seconds >> Begin execution trace 
24-03-13 18:32:23 00,0000         |  >> mPrivProfTest.Test_400_Method_ValueNameRename
===========================================================================================================================================
24-03-13 18:53:17 Elapsed Length  Execution trace by 'Common VBA Execution Trace Service (mTrc)' (https://github.com/warbe-maker/VBA-Trace)
24-03-13 18:53:17 seconds seconds >> Begin execution trace 
24-03-13 18:53:17 00,0000         |  >> mPrivProfTest.Test_400_Method_ValueNameRename
24-03-13 18:53:24 01,4352 01,4352 |  << mPrivProfTest.Test_400_Method_ValueNameRename (VB-Runtime Error 53 )
24-03-13 18:53:24 01,4352 01,4352 << End execution trace 
24-03-13 18:53:24                 Execution trace by 'Common VBA Execution Trace Service (mTrc)' (https://github.com/warbe-maker/VBA-Trace)
24-03-13 18:53:24                 Impact on the overall performance (caused by the trace itself): 1,4 milliseconds!
===========================================================================================================================================
24-03-13 18:54:20 Elapsed Length  Execution trace by 'Common VBA Execution Trace Service (mTrc)' (https://github.com/warbe-maker/VBA-Trace)
24-03-13 18:54:20 seconds seconds >> Begin execution trace 
24-03-13 18:54:20 00,0000         |  >> mPrivProfTest.Test_400_Method_ValueNameRename
===========================================================================================================================================
24-03-13 18:57:29 Elapsed Length  Execution trace by 'Common VBA Execution Trace Service (mTrc)' (https://github.com/warbe-maker/VBA-Trace)
24-03-13 18:57:29 seconds seconds >> Begin execution trace 
24-03-13 18:57:29 00,0000         |  >> mPrivProfTest.Test_400_Method_ValueNameRename
===========================================================================================================================================
24-03-13 19:02:48 Elapsed Length  Execution trace by 'Common VBA Execution Trace Service (mTrc)' (https://github.com/warbe-maker/VBA-Trace)
24-03-13 19:02:48 seconds seconds >> Begin execution trace 
24-03-13 19:02:48 00,0000         |  >> mPrivProfTest.Test_400_Method_ValueNameRename
24-03-13 19:03:51 62,5841         |  |  >> clsPrivProf.FileAsDict (E:\Sync\Excel VBA\DevAndTest\PrivProf\Test\PrivProf.dat)
24-03-13 19:03:51 62,5872 00,0031 |  |  << clsPrivProf.FileAsDict (E:\Sync\Excel VBA\DevAndTest\PrivProf\Test\PrivProf.dat)
===========================================================================================================================================
24-03-13 19:04:27 Elapsed Length  Execution trace by 'Common VBA Execution Trace Service (mTrc)' (https://github.com/warbe-maker/VBA-Trace)
24-03-13 19:04:27 seconds seconds >> Begin execution trace 
24-03-13 19:04:27 00,0000         |  >> mPrivProfTest.Test_400_Method_ValueNameRename
24-03-13 19:07:31 184,1560         |  |  >> clsPrivProf.FileAsDict (E:\Sync\Excel VBA\DevAndTest\PrivProf\Test\PrivProf.dat)
24-03-13 19:07:31 184,1603 00,0043 |  |  << clsPrivProf.FileAsDict (E:\Sync\Excel VBA\DevAndTest\PrivProf\Test\PrivProf.dat)
24-03-13 19:08:30 242,9020 242,9020 |  << mPrivProfTest.Test_400_Method_ValueNameRename
24-03-13 19:08:30 242,9020 242,9020 << End execution trace 
24-03-13 19:08:30                 Execution trace by 'Common VBA Execution Trace Service (mTrc)' (https://github.com/warbe-maker/VBA-Trace)
24-03-13 19:08:30                 Impact on the overall performance (caused by the trace itself): 0,3 milliseconds!
===========================================================================================================================================
24-03-13 19:17:01 Elapsed Length  Execution trace by 'Common VBA Execution Trace Service (mTrc)' (https://github.com/warbe-maker/VBA-Trace)
24-03-13 19:17:01 seconds seconds >> Begin execution trace 
24-03-13 19:17:01 00,0000         |  >> mPrivProfTest.Test_500_Method_Reorg
24-03-13 19:17:01 00,0130         |  |  >> clsPrivProf.FileAsDict (E:\Sync\Excel VBA\DevAndTest\PrivProf\Test\PrivProf.dat)
24-03-13 19:17:01 00,0155 00,0025 |  |  << clsPrivProf.FileAsDict (E:\Sync\Excel VBA\DevAndTest\PrivProf\Test\PrivProf.dat)
24-03-13 19:17:49 48,2431 48,2431 |  << mPrivProfTest.Test_500_Method_Reorg
24-03-13 19:17:49 48,2431 48,2431 << End execution trace 
24-03-13 19:17:49                 Execution trace by 'Common VBA Execution Trace Service (mTrc)' (https://github.com/warbe-maker/VBA-Trace)
24-03-13 19:17:49                 Impact on the overall performance (caused by the trace itself): 0,2 milliseconds!
===========================================================================================================================================
24-03-15 17:40:33 Elapsed Length  Execution trace by 'Common VBA Execution Trace Service (mTrc)' (https://github.com/warbe-maker/VBA-Trace)
24-03-15 17:40:33 seconds seconds >> Begin execution trace 
24-03-15 17:40:33 00,0000         |  >> mPrivProfTest.Test_600_Method_SectionsCopy
===========================================================================================================================================
24-03-15 17:42:06 Elapsed Length  Execution trace by 'Common VBA Execution Trace Service (mTrc)' (https://github.com/warbe-maker/VBA-Trace)
24-03-15 17:42:06 seconds seconds >> Begin execution trace 
24-03-15 17:42:06 00,0000         |  >> mPrivProfTest.Test_600_Method_SectionsCopy
===========================================================================================================================================
24-03-15 17:43:36 Elapsed Length  Execution trace by 'Common VBA Execution Trace Service (mTrc)' (https://github.com/warbe-maker/VBA-Trace)
24-03-15 17:43:36 seconds seconds >> Begin execution trace 
24-03-15 17:43:36 00,0000         |  >> mPrivProfTest.Test_600_Method_SectionsCopy
===========================================================================================================================================
24-03-15 18:09:12 Elapsed Length  Execution trace by 'Common VBA Execution Trace Service (mTrc)' (https://github.com/warbe-maker/VBA-Trace)
24-03-15 18:09:12 seconds seconds >> Begin execution trace 
24-03-15 18:09:12 00,0000         |  >> mPrivProfTest.Test_600_Method_SectionsCopy
===========================================================================================================================================
24-03-15 18:18:41 Elapsed Length  Execution trace by 'Common VBA Execution Trace Service (mTrc)' (https://github.com/warbe-maker/VBA-Trace)
24-03-15 18:18:41 seconds seconds >> Begin execution trace 
24-03-15 18:18:41 00,0000         |  >> mPrivProfTest.Test_700_Method_SectionsCopy
24-03-15 18:18:43 00,0149 00,0149 |  << mPrivProfTest.Test_700_Method_SectionsCopy (VB-Runtime Error 5 )
24-03-15 18:18:43 00,0149 00,0149 << End execution trace 
24-03-15 18:18:43                 Execution trace by 'Common VBA Execution Trace Service (mTrc)' (https://github.com/warbe-maker/VBA-Trace)
24-03-15 18:18:43                 Impact on the overall performance (caused by the trace itself): 1,7 milliseconds!
===========================================================================================================================================
24-03-15 18:19:56 Elapsed Length  Execution trace by 'Common VBA Execution Trace Service (mTrc)' (https://github.com/warbe-maker/VBA-Trace)
24-03-15 18:19:56 seconds seconds >> Begin execution trace 
24-03-15 18:19:56 00,0000         |  >> mPrivProfTest.Test_700_Method_SectionsCopy
24-03-15 18:22:33 156,3109 156,3109 |  << mPrivProfTest.Test_700_Method_SectionsCopy
24-03-15 18:22:33 156,3109 156,3109 << End execution trace 
24-03-15 18:22:33                 Execution trace by 'Common VBA Execution Trace Service (mTrc)' (https://github.com/warbe-maker/VBA-Trace)
24-03-15 18:22:33                 Impact on the overall performance (caused by the trace itself): 1,3 milliseconds!
===========================================================================================================================================
24-03-15 18:22:37 Elapsed Length  Execution trace by 'Common VBA Execution Trace Service (mTrc)' (https://github.com/warbe-maker/VBA-Trace)
24-03-15 18:22:37 seconds seconds >> Begin execution trace 
24-03-15 18:22:37 00,0000         |  >> mPrivProfTest.Test_700_Method_SectionsCopy
24-03-15 18:22:37 00,0159 00,0159 |  << mPrivProfTest.Test_700_Method_SectionsCopy
24-03-15 18:22:37 00,0159 00,0159 << End execution trace 
24-03-15 18:22:37                 Execution trace by 'Common VBA Execution Trace Service (mTrc)' (https://github.com/warbe-maker/VBA-Trace)
24-03-15 18:22:37                 Impact on the overall performance (caused by the trace itself): 1,6 milliseconds!
===========================================================================================================================================
24-03-15 18:25:10 Elapsed Length  Execution trace by 'Common VBA Execution Trace Service (mTrc)' (https://github.com/warbe-maker/VBA-Trace)
24-03-15 18:25:10 seconds seconds >> Begin execution trace 
24-03-15 18:25:10 00,0000         |  >> mPrivProfTest.Test_700_Method_SectionsCopy
24-03-15 18:25:10 00,0035         |  |  >> clsPrivProf.FileAsDict (E:\Sync\Excel VBA\DevAndTest\PrivProf\Test\PrivProf.dat)
24-03-15 18:25:10 00,0060 00,0025 |  |  << clsPrivProf.FileAsDict (E:\Sync\Excel VBA\DevAndTest\PrivProf\Test\PrivProf.dat)
===========================================================================================================================================
24-03-15 18:27:50 Elapsed Length  Execution trace by 'Common VBA Execution Trace Service (mTrc)' (https://github.com/warbe-maker/VBA-Trace)
24-03-15 18:27:50 seconds seconds >> Begin execution trace 
24-03-15 18:27:50 00,0000         |  >> mPrivProfTest.Test_700_Method_SectionsCopy
24-03-15 18:27:50 00,0144         |  |  >> clsPrivProf.FileAsDict (E:\Sync\Excel VBA\DevAndTest\PrivProf\Test\PrivProf.dat)
24-03-15 18:27:50 00,0179 00,0034 |  |  << clsPrivProf.FileAsDict (E:\Sync\Excel VBA\DevAndTest\PrivProf\Test\PrivProf.dat)
===========================================================================================================================================
24-03-15 18:29:36 Elapsed Length  Execution trace by 'Common VBA Execution Trace Service (mTrc)' (https://github.com/warbe-maker/VBA-Trace)
24-03-15 18:29:36 seconds seconds >> Begin execution trace 
24-03-15 18:29:36 00,0000         |  >> mPrivProfTest.Test_700_Method_SectionsCopy
24-03-15 18:29:36 00,0155         |  |  >> clsPrivProf.FileAsDict (E:\Sync\Excel VBA\DevAndTest\PrivProf\Test\PrivProf.dat)
24-03-15 18:29:36 00,0183 00,0028 |  |  << clsPrivProf.FileAsDict (E:\Sync\Excel VBA\DevAndTest\PrivProf\Test\PrivProf.dat)
24-03-15 18:30:24 47,9031 47,9031 |  << mPrivProfTest.Test_700_Method_SectionsCopy
24-03-15 18:30:24 47,9031 47,9031 << End execution trace 
24-03-15 18:30:24                 Execution trace by 'Common VBA Execution Trace Service (mTrc)' (https://github.com/warbe-maker/VBA-Trace)
24-03-15 18:30:24                 Impact on the overall performance (caused by the trace itself): 0,3 milliseconds!
===========================================================================================================================================
24-03-15 18:35:20 Elapsed Length  Execution trace by 'Common VBA Execution Trace Service (mTrc)' (https://github.com/warbe-maker/VBA-Trace)
24-03-15 18:35:20 seconds seconds >> Begin execution trace 
24-03-15 18:35:20 00,0000         |  >> mPrivProfTest.Test_700_Method_SectionsCopy
24-03-15 18:35:20 00,0158         |  |  >> clsPrivProf.FileAsDict (E:\Sync\Excel VBA\DevAndTest\PrivProf\Test\PrivProf.dat)
24-03-15 18:35:20 00,0184 00,0026 |  |  << clsPrivProf.FileAsDict (E:\Sync\Excel VBA\DevAndTest\PrivProf\Test\PrivProf.dat)
24-03-15 18:35:20 00,0277         |  |  >> clsPrivProf.FileAsDict (E:\Sync\Excel VBA\DevAndTest\PrivProf\Test\PrivProf.dat)
24-03-15 18:35:20 00,0306 00,0028 |  |  << clsPrivProf.FileAsDict (E:\Sync\Excel VBA\DevAndTest\PrivProf\Test\PrivProf.dat)
24-03-15 18:35:43 20,9272 20,9272 |  << mPrivProfTest.Test_700_Method_SectionsCopy (VB-Runtime Error 13 )
24-03-15 18:35:43 20,9272 20,9272 << End execution trace 
24-03-15 18:35:43                 Execution trace by 'Common VBA Execution Trace Service (mTrc)' (https://github.com/warbe-maker/VBA-Trace)
24-03-15 18:35:43                 Impact on the overall performance (caused by the trace itself): 0,3 milliseconds!
===========================================================================================================================================
24-03-15 18:36:06 Elapsed Length  Execution trace by 'Common VBA Execution Trace Service (mTrc)' (https://github.com/warbe-maker/VBA-Trace)
24-03-15 18:36:06 seconds seconds >> Begin execution trace 
24-03-15 18:36:06 00,0000         |  >> mPrivProfTest.Test_700_Method_SectionsCopy
24-03-15 18:36:06 00,0127         |  |  >> clsPrivProf.FileAsDict (E:\Sync\Excel VBA\DevAndTest\PrivProf\Test\PrivProf.dat)
24-03-15 18:36:06 00,0159 00,0033 |  |  << clsPrivProf.FileAsDict (E:\Sync\Excel VBA\DevAndTest\PrivProf\Test\PrivProf.dat)
24-03-15 18:36:06 00,0217         |  |  >> clsPrivProf.FileAsDict (E:\Sync\Excel VBA\DevAndTest\PrivProf\Test\PrivProf.dat)
24-03-15 18:36:06 00,0242 00,0024 |  |  << clsPrivProf.FileAsDict (E:\Sync\Excel VBA\DevAndTest\PrivProf\Test\PrivProf.dat)
24-03-15 18:36:30 22,2971 22,2971 |  << mPrivProfTest.Test_700_Method_SectionsCopy (VB-Runtime Error 13 )
24-03-15 18:36:30 22,2971 22,2971 << End execution trace 
24-03-15 18:36:30                 Execution trace by 'Common VBA Execution Trace Service (mTrc)' (https://github.com/warbe-maker/VBA-Trace)
24-03-15 18:36:30                 Impact on the overall performance (caused by the trace itself): 0,3 milliseconds!
===========================================================================================================================================
24-03-15 18:37:07 Elapsed Length  Execution trace by 'Common VBA Execution Trace Service (mTrc)' (https://github.com/warbe-maker/VBA-Trace)
24-03-15 18:37:07 seconds seconds >> Begin execution trace 
24-03-15 18:37:07 00,0000         |  >> mPrivProfTest.Test_700_Method_SectionsCopy
24-03-15 18:37:07 00,0076         |  |  >> clsPrivProf.FileAsDict (E:\Sync\Excel VBA\DevAndTest\PrivProf\Test\PrivProf.dat)
24-03-15 18:37:07 00,0102 00,0026 |  |  << clsPrivProf.FileAsDict (E:\Sync\Excel VBA\DevAndTest\PrivProf\Test\PrivProf.dat)
24-03-15 18:37:07 00,0168         |  |  >> clsPrivProf.FileAsDict (E:\Sync\Excel VBA\DevAndTest\PrivProf\Test\PrivProf.dat)
24-03-15 18:37:07 00,0192 00,0024 |  |  << clsPrivProf.FileAsDict (E:\Sync\Excel VBA\DevAndTest\PrivProf\Test\PrivProf.dat)
===========================================================================================================================================
24-03-15 18:37:31 Elapsed Length  Execution trace by 'Common VBA Execution Trace Service (mTrc)' (https://github.com/warbe-maker/VBA-Trace)
24-03-15 18:37:31 seconds seconds >> Begin execution trace 
24-03-15 18:37:31 00,0000         |  >> mPrivProfTest.Test_700_Method_SectionsCopy
24-03-15 18:37:31 00,0129         |  |  >> clsPrivProf.FileAsDict (E:\Sync\Excel VBA\DevAndTest\PrivProf\Test\PrivProf.dat)
24-03-15 18:37:31 00,0156 00,0027 |  |  << clsPrivProf.FileAsDict (E:\Sync\Excel VBA\DevAndTest\PrivProf\Test\PrivProf.dat)
24-03-15 18:37:31 00,0217         |  |  >> clsPrivProf.FileAsDict (E:\Sync\Excel VBA\DevAndTest\PrivProf\Test\PrivProf.dat)
24-03-15 18:37:31 00,0243 00,0025 |  |  << clsPrivProf.FileAsDict (E:\Sync\Excel VBA\DevAndTest\PrivProf\Test\PrivProf.dat)
===========================================================================================================================================
24-03-15 18:38:31 Elapsed Length  Execution trace by 'Common VBA Execution Trace Service (mTrc)' (https://github.com/warbe-maker/VBA-Trace)
24-03-15 18:38:31 seconds seconds >> Begin execution trace 
24-03-15 18:38:31 00,0000         |  >> mPrivProfTest.Test_700_Method_SectionsCopy
24-03-15 18:38:31 00,0130         |  |  >> clsPrivProf.FileAsDict (E:\Sync\Excel VBA\DevAndTest\PrivProf\Test\PrivProf.dat)
24-03-15 18:38:31 00,0156 00,0026 |  |  << clsPrivProf.FileAsDict (E:\Sync\Excel VBA\DevAndTest\PrivProf\Test\PrivProf.dat)
24-03-15 18:38:31 00,0214         |  |  >> clsPrivProf.FileAsDict (E:\Sync\Excel VBA\DevAndTest\PrivProf\Test\PrivProf.dat)
24-03-15 18:38:31 00,0239 00,0025 |  |  << clsPrivProf.FileAsDict (E:\Sync\Excel VBA\DevAndTest\PrivProf\Test\PrivProf.dat)
24-03-15 18:39:03 32,4734 32,4734 |  << mPrivProfTest.Test_700_Method_SectionsCopy
24-03-15 18:39:03 32,4734 32,4734 << End execution trace 
24-03-15 18:39:03                 Execution trace by 'Common VBA Execution Trace Service (mTrc)' (https://github.com/warbe-maker/VBA-Trace)
24-03-15 18:39:03                 Impact on the overall performance (caused by the trace itself): 0,3 milliseconds!
===========================================================================================================================================
24-03-15 18:39:08 Elapsed Length  Execution trace by 'Common VBA Execution Trace Service (mTrc)' (https://github.com/warbe-maker/VBA-Trace)
24-03-15 18:39:08 seconds seconds >> Begin execution trace 
24-03-15 18:39:08 00,0000         |  >> mPrivProfTest.Test_700_Method_SectionsCopy
24-03-15 18:39:08 00,0150         |  >> clsPrivProf.FileAsDict (E:\Sync\Excel VBA\DevAndTest\PrivProf\Test\PrivProf.dat)
24-03-15 18:39:08 00,0175 00,0025 |  << clsPrivProf.FileAsDict (E:\Sync\Excel VBA\DevAndTest\PrivProf\Test\PrivProf.dat)
24-03-15 18:39:08 00,0245         |  >> clsPrivProf.FileAsDict (E:\Sync\Excel VBA\DevAndTest\PrivProf\Test\PrivProf.dat)
24-03-15 18:39:08 00,0270 00,0025 |  << clsPrivProf.FileAsDict (E:\Sync\Excel VBA\DevAndTest\PrivProf\Test\PrivProf.dat)
24-03-15 18:39:08 00,0380 00,0380 << mPrivProfTest.Test_700_Method_SectionsCopy
24-03-15 18:39:08 00,0380 00,0380 << End execution trace 
24-03-15 18:39:08                 Execution trace by 'Common VBA Execution Trace Service (mTrc)' (https://github.com/warbe-maker/VBA-Trace)
24-03-15 18:39:08                 Impact on the overall performance (caused by the trace itself): 0,3 milliseconds!
===========================================================================================================================================
24-03-15 18:42:28 Elapsed Length  Execution trace by 'Common VBA Execution Trace Service (mTrc)' (https://github.com/warbe-maker/VBA-Trace)
24-03-15 18:42:28 seconds seconds >> Begin execution trace 
24-03-15 18:42:28 00,0000         |  >> mPrivProfTest.Test_700_Method_SectionsCopy
===========================================================================================================================================
24-03-15 18:43:47 Elapsed Length  Execution trace by 'Common VBA Execution Trace Service (mTrc)' (https://github.com/warbe-maker/VBA-Trace)
24-03-15 18:43:47 seconds seconds >> Begin execution trace 
24-03-15 18:43:47 00,0000         |  >> mPrivProfTest.Test_700_Method_SectionsCopy
24-03-15 18:45:11 83,6076         |  |  >> clsPrivProf.FileAsDict (E:\Sync\Excel VBA\DevAndTest\PrivProf\Test\CopyTarget.dat)
24-03-15 18:45:11 83,6086 00,0010 |  |  << clsPrivProf.FileAsDict (E:\Sync\Excel VBA\DevAndTest\PrivProf\Test\CopyTarget.dat)
===========================================================================================================================================
24-03-17 15:48:08 Elapsed Length  Execution trace by 'Common VBA Execution Trace Service (mTrc)' (https://github.com/warbe-maker/VBA-Trace)
24-03-17 15:48:08 seconds seconds >> Begin execution trace 
24-03-17 15:48:08 00,0000         |  >> mPrivProfTest.Test_700_Method_SectionsCopy
24-03-17 15:48:14 05,6443         |  |  >> clsPrivProf.FileAsDict (E:\Sync\Excel VBA\DevAndTest\PrivProf\Test\CopyTarget.dat)
24-03-17 15:48:14 05,6452 00,0009 |  |  << clsPrivProf.FileAsDict (E:\Sync\Excel VBA\DevAndTest\PrivProf\Test\CopyTarget.dat)
24-03-17 15:48:15 06,8826         |  |  >> clsPrivProf.FileAsDict (E:\Sync\Excel VBA\DevAndTest\PrivProf\Test\CopyTarget.dat)
24-03-17 15:48:15 06,8836 00,0009 |  |  << clsPrivProf.FileAsDict (E:\Sync\Excel VBA\DevAndTest\PrivProf\Test\CopyTarget.dat)
24-03-17 15:48:16 07,4812         |  |  >> clsPrivProf.FileAsDict (E:\Sync\Excel VBA\DevAndTest\PrivProf\Test\CopyTarget.dat)
24-03-17 15:48:16 07,4821 00,0009 |  |  << clsPrivProf.FileAsDict (E:\Sync\Excel VBA\DevAndTest\PrivProf\Test\CopyTarget.dat)
24-03-17 15:48:17 08,5943         |  |  >> clsPrivProf.FileAsDict (E:\Sync\Excel VBA\DevAndTest\PrivProf\Test\CopyTarget.dat)
24-03-17 15:48:17 08,5953 00,0010 |  |  << clsPrivProf.FileAsDict (E:\Sync\Excel VBA\DevAndTest\PrivProf\Test\CopyTarget.dat)
24-03-17 15:48:17 09,1206         |  |  >> clsPrivProf.FileAsDict (E:\Sync\Excel VBA\DevAndTest\PrivProf\Test\CopyTarget.dat)
24-03-17 15:48:17 09,1216 00,0010 |  |  << clsPrivProf.FileAsDict (E:\Sync\Excel VBA\DevAndTest\PrivProf\Test\CopyTarget.dat)
24-03-17 15:48:18 09,6570         |  |  >> clsPrivProf.FileAsDict (E:\Sync\Excel VBA\DevAndTest\PrivProf\Test\CopyTarget.dat)
24-03-17 15:48:18 09,6587 00,0017 |  |  << clsPrivProf.FileAsDict (E:\Sync\Excel VBA\DevAndTest\PrivProf\Test\CopyTarget.dat)
24-03-17 15:48:18 10,2048         |  |  >> clsPrivProf.FileAsDict (E:\Sync\Excel VBA\DevAndTest\PrivProf\Test\CopyTarget.dat)
24-03-17 15:48:18 10,2059 00,0011 |  |  << clsPrivProf.FileAsDict (E:\Sync\Excel VBA\DevAndTest\PrivProf\Test\CopyTarget.dat)
24-03-17 15:48:19 10,7017         |  |  >> clsPrivProf.FileAsDict (E:\Sync\Excel VBA\DevAndTest\PrivProf\Test\CopyTarget.dat)
24-03-17 15:48:19 10,7029 00,0011 |  |  << clsPrivProf.FileAsDict (E:\Sync\Excel VBA\DevAndTest\PrivProf\Test\CopyTarget.dat)
24-03-17 15:48:32 24,3029         |  |  >> clsPrivProf.FileAsDict (E:\Sync\Excel VBA\DevAndTest\PrivProf\Test\CopyTarget.dat)
24-03-17 15:48:32 24,3042 00,0013 |  |  << clsPrivProf.FileAsDict (E:\Sync\Excel VBA\DevAndTest\PrivProf\Test\CopyTarget.dat)
24-03-17 15:48:32 24,3087         |  |  >> clsPrivProf.FileAsDict (E:\Sync\Excel VBA\DevAndTest\PrivProf\Test\CopyTarget.dat)
24-03-17 15:48:32 24,3105 00,0019 |  |  << clsPrivProf.FileAsDict (E:\Sync\Excel VBA\DevAndTest\PrivProf\Test\CopyTarget.dat)
24-03-17 15:48:32 24,3146         |  |  >> clsPrivProf.FileAsDict (E:\Sync\Excel VBA\DevAndTest\PrivProf\Test\CopyTarget.dat)
24-03-17 15:48:32 24,3160 00,0014 |  |  << clsPrivProf.FileAsDict (E:\Sync\Excel VBA\DevAndTest\PrivProf\Test\CopyTarget.dat)
24-03-17 15:48:33 24,3189         |  |  >> clsPrivProf.FileAsDict (E:\Sync\Excel VBA\DevAndTest\PrivProf\Test\CopyTarget.dat)
24-03-17 15:48:33 24,3202 00,0013 |  |  << clsPrivProf.FileAsDict (E:\Sync\Excel VBA\DevAndTest\PrivProf\Test\CopyTarget.dat)
24-03-17 15:48:33 24,3232         |  |  >> clsPrivProf.FileAsDict (E:\Sync\Excel VBA\DevAndTest\PrivProf\Test\CopyTarget.dat)
24-03-17 15:48:33 24,3253 00,0021 |  |  << clsPrivProf.FileAsDict (E:\Sync\Excel VBA\DevAndTest\PrivProf\Test\CopyTarget.dat)
24-03-17 15:48:33 24,3294         |  |  >> clsPrivProf.FileAsDict (E:\Sync\Excel VBA\DevAndTest\PrivProf\Test\CopyTarget.dat)
24-03-17 15:48:33 24,3310 00,0015 |  |  << clsPrivProf.FileAsDict (E:\Sync\Excel VBA\DevAndTest\PrivProf\Test\CopyTarget.dat)
24-03-17 15:48:33 24,3342         |  |  >> clsPrivProf.FileAsDict (E:\Sync\Excel VBA\DevAndTest\PrivProf\Test\CopyTarget.dat)
24-03-17 15:48:33 24,3357 00,0014 |  |  << clsPrivProf.FileAsDict (E:\Sync\Excel VBA\DevAndTest\PrivProf\Test\CopyTarget.dat)
24-03-17 15:48:33 24,3387         |  |  >> clsPrivProf.FileAsDict (E:\Sync\Excel VBA\DevAndTest\PrivProf\Test\CopyTarget.dat)
24-03-17 15:48:33 24,3402 00,0015 |  |  << clsPrivProf.FileAsDict (E:\Sync\Excel VBA\DevAndTest\PrivProf\Test\CopyTarget.dat)
24-03-17 15:50:04 115,5047         |  |  >> clsPrivProf.FileAsDict (E:\Sync\Excel VBA\DevAndTest\PrivProf\Test\CopyTarget.dat)
24-03-17 15:50:04 115,5071 00,0024 |  |  << clsPrivProf.FileAsDict (E:\Sync\Excel VBA\DevAndTest\PrivProf\Test\CopyTarget.dat)
24-03-17 15:50:04 115,5125         |  |  >> clsPrivProf.FileAsDict (E:\Sync\Excel VBA\DevAndTest\PrivProf\Test\CopyTarget.dat)
24-03-17 15:50:04 115,5142 00,0017 |  |  << clsPrivProf.FileAsDict (E:\Sync\Excel VBA\DevAndTest\PrivProf\Test\CopyTarget.dat)
24-03-17 15:50:04 115,5179         |  |  >> clsPrivProf.FileAsDict (E:\Sync\Excel VBA\DevAndTest\PrivProf\Test\CopyTarget.dat)
24-03-17 15:50:04 115,5196 00,0017 |  |  << clsPrivProf.FileAsDict (E:\Sync\Excel VBA\DevAndTest\PrivProf\Test\CopyTarget.dat)
24-03-17 15:50:04 115,5236         |  |  >> clsPrivProf.FileAsDict (E:\Sync\Excel VBA\DevAndTest\PrivProf\Test\CopyTarget.dat)
24-03-17 15:50:04 115,5253 00,0018 |  |  << clsPrivProf.FileAsDict (E:\Sync\Excel VBA\DevAndTest\PrivProf\Test\CopyTarget.dat)
24-03-17 15:50:04 115,5290         |  |  >> clsPrivProf.FileAsDict (E:\Sync\Excel VBA\DevAndTest\PrivProf\Test\CopyTarget.dat)
24-03-17 15:50:04 115,5307 00,0017 |  |  << clsPrivProf.FileAsDict (E:\Sync\Excel VBA\DevAndTest\PrivProf\Test\CopyTarget.dat)
24-03-17 15:50:04 115,5343         |  |  >> clsPrivProf.FileAsDict (E:\Sync\Excel VBA\DevAndTest\PrivProf\Test\CopyTarget.dat)
24-03-17 15:50:04 115,5361 00,0018 |  |  << clsPrivProf.FileAsDict (E:\Sync\Excel VBA\DevAndTest\PrivProf\Test\CopyTarget.dat)
24-03-17 15:50:04 115,5401         |  |  >> clsPrivProf.FileAsDict (E:\Sync\Excel VBA\DevAndTest\PrivProf\Test\CopyTarget.dat)
24-03-17 15:50:04 115,5419 00,0018 |  |  << clsPrivProf.FileAsDict (E:\Sync\Excel VBA\DevAndTest\PrivProf\Test\CopyTarget.dat)
24-03-17 15:50:04 115,5456         |  |  >> clsPrivProf.FileAsDict (E:\Sync\Excel VBA\DevAndTest\PrivProf\Test\CopyTarget.dat)
24-03-17 15:50:04 115,5474 00,0018 |  |  << clsPrivProf.FileAsDict (E:\Sync\Excel VBA\DevAndTest\PrivProf\Test\CopyTarget.dat)
24-03-17 15:50:48 159,3908 159,3908 |  << mPrivProfTest.Test_700_Method_SectionsCopy
24-03-17 15:50:48 159,3908 159,3908 << End execution trace 
24-03-17 15:50:48                 Execution trace by 'Common VBA Execution Trace Service (mTrc)' (https://github.com/warbe-maker/VBA-Trace)
24-03-17 15:50:48                 Impact on the overall performance (caused by the trace itself): 0,2 milliseconds!
===========================================================================================================================================
24-03-17 15:52:59 Elapsed Length  Execution trace by 'Common VBA Execution Trace Service (mTrc)' (https://github.com/warbe-maker/VBA-Trace)
24-03-17 15:52:59 seconds seconds >> Begin execution trace 
24-03-17 15:52:59 00,0000         |  >> mPrivProfTest.Test_200_Property_Header
24-03-17 15:52:59 00,0126         |  |  >> 200-1 Property clsPrivProf.Header: File header write
24-03-17 15:52:59 00,0151         |  |  |  >> clsPrivProf.FileAsDict (E:\Sync\Excel VBA\DevAndTest\PrivProf\Test\PrivProf.dat)
24-03-17 15:52:59 00,0188 00,0037 |  |  |  << clsPrivProf.FileAsDict (E:\Sync\Excel VBA\DevAndTest\PrivProf\Test\PrivProf.dat)
24-03-17 15:52:59 00,0229 00,0102 |  |  << 200-1 Property clsPrivProf.Header: File header write
===========================================================================================================================================
24-03-17 16:02:18 Elapsed Length  Execution trace by 'Common VBA Execution Trace Service (mTrc)' (https://github.com/warbe-maker/VBA-Trace)
24-03-17 16:02:18 seconds seconds >> Begin execution trace 
24-03-17 16:02:18 00,0000         |  >> mPrivProfTest.Test_200_Property_Header
24-03-17 16:02:18 00,0133         |  |  >> 200-1 Property clsPrivProf.Header: File header write
24-03-17 16:04:25 127,0072         |  |  |  >> clsPrivProf.FileAsDict (E:\Sync\Excel VBA\DevAndTest\PrivProf\Test\PrivProf.dat)
24-03-17 16:04:25 127,0103 00,0031 |  |  |  << clsPrivProf.FileAsDict (E:\Sync\Excel VBA\DevAndTest\PrivProf\Test\PrivProf.dat)
===========================================================================================================================================
24-03-17 16:07:01 Elapsed Length  Execution trace by 'Common VBA Execution Trace Service (mTrc)' (https://github.com/warbe-maker/VBA-Trace)
24-03-17 16:07:01 seconds seconds >> Begin execution trace 
24-03-17 16:07:01 00,0000         |  >> mPrivProfTest.Test_200_Property_Header
24-03-17 16:07:01 00,0133         |  |  >> 200-1 Property clsPrivProf.Header: File header write
24-03-17 16:07:02 01,7195         |  |  |  >> clsPrivProf.FileAsDict (E:\Sync\Excel VBA\DevAndTest\PrivProf\Test\PrivProf.dat)
24-03-17 16:12:05 303,8609 302,1414 |  |  |  << clsPrivProf.FileAsDict (E:\Sync\Excel VBA\DevAndTest\PrivProf\Test\PrivProf.dat)
24-03-17 16:12:11 310,1073 310,0940 |  |  << 200-1 Property clsPrivProf.Header: File header write
24-03-17 16:12:51 350,0129         |  |  >> 200-2 Property clsPrivProf.Header: File header read
24-03-17 16:12:51 350,0139 00,0009 |  |  << 200-2 Property clsPrivProf.Header: File header read ( Passed )
===========================================================================================================================================
24-03-17 16:14:57 Elapsed Length  Execution trace by 'Common VBA Execution Trace Service (mTrc)' (https://github.com/warbe-maker/VBA-Trace)
24-03-17 16:14:57 seconds seconds >> Begin execution trace 
24-03-17 16:14:57 00,0000         |  >> mPrivProfTest.Test_200_Property_Header
24-03-17 16:14:57 00,0089         |  |  >> 200-1 Property clsPrivProf.Header: File header write
24-03-17 16:15:01 04,5027         |  |  |  >> clsPrivProf.FileAsDict (E:\Sync\Excel VBA\DevAndTest\PrivProf\Test\PrivProf.dat)
24-03-17 16:15:01 04,5055 00,0028 |  |  |  << clsPrivProf.FileAsDict (E:\Sync\Excel VBA\DevAndTest\PrivProf\Test\PrivProf.dat)
===========================================================================================================================================
24-03-17 16:16:42 Elapsed Length  Execution trace by 'Common VBA Execution Trace Service (mTrc)' (https://github.com/warbe-maker/VBA-Trace)
24-03-17 16:16:42 seconds seconds >> Begin execution trace 
24-03-17 16:16:42 00,0000         |  >> mPrivProfTest.Test_200_Property_Header
24-03-17 16:16:42 00,0129         |  |  >> 200-1 Property clsPrivProf.Header: File header write
24-03-17 16:16:42 00,0143         |  |  |  >> clsPrivProf.FileAsDict (E:\Sync\Excel VBA\DevAndTest\PrivProf\Test\PrivProf.dat)
24-03-17 16:16:42 00,0170 00,0027 |  |  |  << clsPrivProf.FileAsDict (E:\Sync\Excel VBA\DevAndTest\PrivProf\Test\PrivProf.dat)
24-03-17 16:16:42 00,0207 00,0078 |  |  << 200-1 Property clsPrivProf.Header: File header write
24-03-17 16:16:45 03,5815         |  |  >> 200-2 Property clsPrivProf.Header: File header read
24-03-17 16:16:45 03,5823 00,0009 |  |  << 200-2 Property clsPrivProf.Header: File header read ( Passed )
24-03-17 16:16:45 03,5826         |  |  >> 200-3 Property clsPrivProf.Header: Write section header
24-03-17 16:16:45 03,5839         |  |  |  >> clsPrivProf.FileAsDict (E:\Sync\Excel VBA\DevAndTest\PrivProf\Test\PrivProf.dat)
24-03-17 16:16:45 03,5866 00,0027 |  |  |  << clsPrivProf.FileAsDict (E:\Sync\Excel VBA\DevAndTest\PrivProf\Test\PrivProf.dat)
24-03-17 16:16:45 03,5908 00,0082 |  |  << 200-3 Property clsPrivProf.Header: Write section header ( Passed )
===========================================================================================================================================
24-03-17 16:17:23 Elapsed Length  Execution trace by 'Common VBA Execution Trace Service (mTrc)' (https://github.com/warbe-maker/VBA-Trace)
24-03-17 16:17:23 seconds seconds >> Begin execution trace 
24-03-17 16:17:23 00,0000         |  >> mPrivProfTest.Test_200_Property_Header
24-03-17 16:17:23 00,0122         |  |  >> 200-1 Property clsPrivProf.Header: File header write
24-03-17 16:17:23 00,0143         |  |  |  >> clsPrivProf.FileAsDict (E:\Sync\Excel VBA\DevAndTest\PrivProf\Test\PrivProf.dat)
24-03-17 16:17:23 00,0170 00,0027 |  |  |  << clsPrivProf.FileAsDict (E:\Sync\Excel VBA\DevAndTest\PrivProf\Test\PrivProf.dat)
24-03-17 16:17:23 00,0209 00,0087 |  |  << 200-1 Property clsPrivProf.Header: File header write
24-03-17 16:17:23 00,0221         |  |  >> 200-2 Property clsPrivProf.Header: File header read
24-03-17 16:17:23 00,0229 00,0008 |  |  << 200-2 Property clsPrivProf.Header: File header read ( Passed )
24-03-17 16:17:23 00,0232         |  |  >> 200-3 Property clsPrivProf.Header: Write section header
24-03-17 16:17:23 00,0245         |  |  |  >> clsPrivProf.FileAsDict (E:\Sync\Excel VBA\DevAndTest\PrivProf\Test\PrivProf.dat)
24-03-17 16:17:23 00,0279 00,0034 |  |  |  << clsPrivProf.FileAsDict (E:\Sync\Excel VBA\DevAndTest\PrivProf\Test\PrivProf.dat)
24-03-17 16:17:23 00,0314 00,0082 |  |  << 200-3 Property clsPrivProf.Header: Write section header ( Passed )
24-03-17 16:18:30 67,6546         |  |  >> 200-4 Property clsPrivProf.Header: Read section header
24-03-17 16:18:30 67,6555 00,0009 |  |  << 200-4 Property clsPrivProf.Header: Read section header ( Passed )
24-03-17 16:18:30 67,6558         |  |  >> 200-5 Property clsPrivProf.Header: Write value header
24-03-17 16:18:30 67,6578         |  |  |  >> clsPrivProf.FileAsDict (E:\Sync\Excel VBA\DevAndTest\PrivProf\Test\PrivProf.dat)
24-03-17 16:18:30 67,6611 00,0032 |  |  |  << clsPrivProf.FileAsDict (E:\Sync\Excel VBA\DevAndTest\PrivProf\Test\PrivProf.dat)
24-03-17 16:18:30 67,6657 00,0099 |  |  << 200-5 Property clsPrivProf.Header: Write value header ( Passed )
24-03-17 16:19:12 109,5921         |  |  >> 200-6 Property clsPrivProf.Header: Read value header
24-03-17 16:19:12 109,5931 00,0010 |  |  << 200-6 Property clsPrivProf.Header: Read value header ( Passed )
24-03-17 16:19:12 109,5940 109,5940 |  << mPrivProfTest.Test_200_Property_Header
24-03-17 16:19:12 109,5940 109,5940 << End execution trace 
24-03-17 16:19:12                 Execution trace by 'Common VBA Execution Trace Service (mTrc)' (https://github.com/warbe-maker/VBA-Trace)
24-03-17 16:19:12                 Impact on the overall performance (caused by the trace itself): 0,4 milliseconds!
===========================================================================================================================================
24-03-17 16:38:19 Elapsed Length  Execution trace by 'Common VBA Execution Trace Service (mTrc)' (https://github.com/warbe-maker/VBA-Trace)
24-03-17 16:38:19 seconds seconds >> Begin execution trace 
24-03-17 16:38:19 00,0000         |  >> mPrivProfTest.Test_200_Property_Header
24-03-17 16:38:19 00,0087         |  |  >> 200-1 Property clsPrivProf.Header: File header write
24-03-17 16:38:19 00,0103         |  |  |  >> clsPrivProf.FileAsDict (E:\Sync\Excel VBA\DevAndTest\PrivProf\Test\PrivProf.dat)
24-03-17 16:38:19 00,0130 00,0028 |  |  |  << clsPrivProf.FileAsDict (E:\Sync\Excel VBA\DevAndTest\PrivProf\Test\PrivProf.dat)
24-03-17 16:38:19 00,0171 00,0084 |  |  << 200-1 Property clsPrivProf.Header: File header write
24-03-17 16:38:19 00,0183         |  |  >> 200-2 Property clsPrivProf.Header: File header read
24-03-17 16:38:19 00,0194 00,0012 |  |  << 200-2 Property clsPrivProf.Header: File header read ( Passed )
24-03-17 16:38:19 00,0199         |  |  >> 200-3 Property clsPrivProf.Header: Write section header
24-03-17 16:38:19 00,0213         |  |  |  >> clsPrivProf.FileAsDict (E:\Sync\Excel VBA\DevAndTest\PrivProf\Test\PrivProf.dat)
24-03-17 16:38:19 00,0246 00,0033 |  |  |  << clsPrivProf.FileAsDict (E:\Sync\Excel VBA\DevAndTest\PrivProf\Test\PrivProf.dat)
24-03-17 16:38:19 00,0280 00,0081 |  |  << 200-3 Property clsPrivProf.Header: Write section header ( Passed )
24-03-17 16:38:19 00,0291         |  |  >> 200-4 Property clsPrivProf.Header: Read section header
24-03-17 16:38:19 00,0299 00,0008 |  |  << 200-4 Property clsPrivProf.Header: Read section header ( Passed )
24-03-17 16:38:19 00,0302         |  |  >> 200-5 Property clsPrivProf.Header: Write value header
24-03-17 16:38:19 00,0322         |  |  |  >> clsPrivProf.FileAsDict (E:\Sync\Excel VBA\DevAndTest\PrivProf\Test\PrivProf.dat)
24-03-17 16:38:19 00,0351 00,0029 |  |  |  << clsPrivProf.FileAsDict (E:\Sync\Excel VBA\DevAndTest\PrivProf\Test\PrivProf.dat)
24-03-17 16:38:19 00,0383 00,0080 |  |  << 200-5 Property clsPrivProf.Header: Write value header ( Passed )
24-03-17 16:38:19 00,0394         |  |  >> 200-6 Property clsPrivProf.Header: Read value header
24-03-17 16:38:19 00,0402 00,0009 |  |  << 200-6 Property clsPrivProf.Header: Read value header ( Passed )
24-03-17 16:38:19 00,0405         |  |  >> 200-7 Property clsPrivProf.Value Let: Write a new value including a value header
24-03-17 16:38:27 00,0416 00,0416 << mPrivProfTest.Test_200_Property_Header (Application Error 3 )
24-03-17 16:38:27 00,0416 00,0416 << End execution trace 
24-03-17 16:38:27                 Execution trace by 'Common VBA Execution Trace Service (mTrc)' (https://github.com/warbe-maker/VBA-Trace)
24-03-17 16:38:27                 Impact on the overall performance (caused by the trace itself): 0,2 milliseconds!
===========================================================================================================================================
24-03-17 16:38:45 Elapsed Length  Execution trace by 'Common VBA Execution Trace Service (mTrc)' (https://github.com/warbe-maker/VBA-Trace)
24-03-17 16:38:45 seconds seconds >> Begin execution trace 
24-03-17 16:38:45 00,0000         |  >> mPrivProfTest.Test_200_Property_Header
24-03-17 16:38:45 00,0135         |  |  >> 200-1 Property clsPrivProf.Header: File header write
24-03-17 16:38:45 00,0150         |  |  |  >> clsPrivProf.FileAsDict (E:\Sync\Excel VBA\DevAndTest\PrivProf\Test\PrivProf.dat)
24-03-17 16:38:45 00,0177 00,0027 |  |  |  << clsPrivProf.FileAsDict (E:\Sync\Excel VBA\DevAndTest\PrivProf\Test\PrivProf.dat)
24-03-17 16:38:45 00,0218 00,0083 |  |  << 200-1 Property clsPrivProf.Header: File header write
24-03-17 16:38:45 00,0230         |  |  >> 200-2 Property clsPrivProf.Header: File header read
24-03-17 16:38:45 00,0238 00,0008 |  |  << 200-2 Property clsPrivProf.Header: File header read ( Passed )
24-03-17 16:38:45 00,0241         |  |  >> 200-3 Property clsPrivProf.Header: Write section header
24-03-17 16:38:45 00,0256         |  |  |  >> clsPrivProf.FileAsDict (E:\Sync\Excel VBA\DevAndTest\PrivProf\Test\PrivProf.dat)
24-03-17 16:38:45 00,0289 00,0033 |  |  |  << clsPrivProf.FileAsDict (E:\Sync\Excel VBA\DevAndTest\PrivProf\Test\PrivProf.dat)
24-03-17 16:38:45 00,0321 00,0079 |  |  << 200-3 Property clsPrivProf.Header: Write section header ( Passed )
24-03-17 16:38:45 00,0332         |  |  >> 200-4 Property clsPrivProf.Header: Read section header
24-03-17 16:38:45 00,0340 00,0008 |  |  << 200-4 Property clsPrivProf.Header: Read section header ( Passed )
24-03-17 16:38:45 00,0343         |  |  >> 200-5 Property clsPrivProf.Header: Write value header
24-03-17 16:38:45 00,0357         |  |  |  >> clsPrivProf.FileAsDict (E:\Sync\Excel VBA\DevAndTest\PrivProf\Test\PrivProf.dat)
24-03-17 16:38:45 00,0383 00,0027 |  |  |  << clsPrivProf.FileAsDict (E:\Sync\Excel VBA\DevAndTest\PrivProf\Test\PrivProf.dat)
24-03-17 16:38:45 00,0416 00,0073 |  |  << 200-5 Property clsPrivProf.Header: Write value header ( Passed )
24-03-17 16:38:45 00,0427         |  |  >> 200-6 Property clsPrivProf.Header: Read value header
24-03-17 16:38:45 00,0436 00,0009 |  |  << 200-6 Property clsPrivProf.Header: Read value header ( Passed )
24-03-17 16:38:45 00,0439         |  |  >> 200-7 Property clsPrivProf.Value Let: Write a new value including a value header
24-03-17 16:38:57 00,0450 00,0450 << mPrivProfTest.Test_200_Property_Header (Application Error 3 )
24-03-17 16:38:57 00,0450 00,0450 << End execution trace 
24-03-17 16:38:57                 Execution trace by 'Common VBA Execution Trace Service (mTrc)' (https://github.com/warbe-maker/VBA-Trace)
24-03-17 16:38:57                 Impact on the overall performance (caused by the trace itself): 0,2 milliseconds!
===========================================================================================================================================
24-03-17 16:42:31 Elapsed Length  Execution trace by 'Common VBA Execution Trace Service (mTrc)' (https://github.com/warbe-maker/VBA-Trace)
24-03-17 16:42:31 seconds seconds >> Begin execution trace 
24-03-17 16:42:31 00,0000         |  >> mPrivProfTest.Test_200_Property_Header
24-03-17 16:42:31 00,0093         |  |  >> 200-1 Property clsPrivProf.Header: File header write
24-03-17 16:42:31 00,0115         |  |  |  >> clsPrivProf.FileAsDict (E:\Sync\Excel VBA\DevAndTest\PrivProf\Test\PrivProf.dat)
24-03-17 16:42:31 00,0171 00,0055 |  |  |  << clsPrivProf.FileAsDict (E:\Sync\Excel VBA\DevAndTest\PrivProf\Test\PrivProf.dat)
24-03-17 16:42:31 00,0215 00,0123 |  |  << 200-1 Property clsPrivProf.Header: File header write
24-03-17 16:42:31 00,0232         |  |  >> 200-2 Property clsPrivProf.Header: File header read
24-03-17 16:42:31 00,0243 00,0011 |  |  << 200-2 Property clsPrivProf.Header: File header read ( Passed )
24-03-17 16:42:31 00,0246         |  |  >> 200-3 Property clsPrivProf.Header: Write section header
24-03-17 16:42:31 00,0263         |  |  |  >> clsPrivProf.FileAsDict (E:\Sync\Excel VBA\DevAndTest\PrivProf\Test\PrivProf.dat)
24-03-17 16:42:31 00,0300 00,0037 |  |  |  << clsPrivProf.FileAsDict (E:\Sync\Excel VBA\DevAndTest\PrivProf\Test\PrivProf.dat)
24-03-17 16:42:31 00,0334 00,0087 |  |  << 200-3 Property clsPrivProf.Header: Write section header ( Passed )
24-03-17 16:42:31 00,0345         |  |  >> 200-4 Property clsPrivProf.Header: Read section header
24-03-17 16:42:31 00,0353 00,0008 |  |  << 200-4 Property clsPrivProf.Header: Read section header ( Passed )
24-03-17 16:42:31 00,0356         |  |  >> 200-5 Property clsPrivProf.Header: Write value header
24-03-17 16:42:31 00,0369         |  |  |  >> clsPrivProf.FileAsDict (E:\Sync\Excel VBA\DevAndTest\PrivProf\Test\PrivProf.dat)
24-03-17 16:42:31 00,0398 00,0029 |  |  |  << clsPrivProf.FileAsDict (E:\Sync\Excel VBA\DevAndTest\PrivProf\Test\PrivProf.dat)
24-03-17 16:42:31 00,0430 00,0074 |  |  << 200-5 Property clsPrivProf.Header: Write value header ( Passed )
24-03-17 16:42:31 00,0442         |  |  >> 200-6 Property clsPrivProf.Header: Read value header
24-03-17 16:42:31 00,0452 00,0009 |  |  << 200-6 Property clsPrivProf.Header: Read value header ( Passed )
24-03-17 16:42:31 00,0454         |  |  >> 200-7 Property clsPrivProf.Value Let: Write a new value including a value header
24-03-17 16:42:31 00,0472 00,0018 |  |  << 200-7 Property clsPrivProf.Value Let: Write a new value including a value header ( Passed )
===========================================================================================================================================
24-03-17 16:44:15 Elapsed Length  Execution trace by 'Common VBA Execution Trace Service (mTrc)' (https://github.com/warbe-maker/VBA-Trace)
24-03-17 16:44:15 seconds seconds >> Begin execution trace 
24-03-17 16:44:15 00,0000         |  >> mPrivProfTest.Test_200_Property_Header
24-03-17 16:44:15 00,0051         |  |  >> 200-1 Property clsPrivProf.Header: File header write
24-03-17 16:44:15 00,0071         |  |  |  >> clsPrivProf.FileAsDict (E:\Sync\Excel VBA\DevAndTest\PrivProf\Test\PrivProf.dat)
24-03-17 16:44:15 00,0101 00,0030 |  |  |  << clsPrivProf.FileAsDict (E:\Sync\Excel VBA\DevAndTest\PrivProf\Test\PrivProf.dat)
24-03-17 16:44:15 00,0134 00,0083 |  |  << 200-1 Property clsPrivProf.Header: File header write
24-03-17 16:44:15 00,0146         |  |  >> 200-2 Property clsPrivProf.Header: File header read
24-03-17 16:44:15 00,0158 00,0012 |  |  << 200-2 Property clsPrivProf.Header: File header read ( Passed )
24-03-17 16:44:15 00,0163         |  |  >> 200-3 Property clsPrivProf.Header: Write section header
24-03-17 16:44:15 00,0178         |  |  |  >> clsPrivProf.FileAsDict (E:\Sync\Excel VBA\DevAndTest\PrivProf\Test\PrivProf.dat)
24-03-17 16:44:15 00,0204 00,0027 |  |  |  << clsPrivProf.FileAsDict (E:\Sync\Excel VBA\DevAndTest\PrivProf\Test\PrivProf.dat)
24-03-17 16:44:15 00,0239 00,0077 |  |  << 200-3 Property clsPrivProf.Header: Write section header ( Passed )
24-03-17 16:44:15 00,0255         |  |  >> 200-4 Property clsPrivProf.Header: Read section header
24-03-17 16:44:15 00,0266 00,0012 |  |  << 200-4 Property clsPrivProf.Header: Read section header ( Passed )
24-03-17 16:44:15 00,0269         |  |  >> 200-5 Property clsPrivProf.Header: Write value header
24-03-17 16:44:15 00,0283         |  |  |  >> clsPrivProf.FileAsDict (E:\Sync\Excel VBA\DevAndTest\PrivProf\Test\PrivProf.dat)
24-03-17 16:44:15 00,0310 00,0027 |  |  |  << clsPrivProf.FileAsDict (E:\Sync\Excel VBA\DevAndTest\PrivProf\Test\PrivProf.dat)
24-03-17 16:44:15 00,0341 00,0072 |  |  << 200-5 Property clsPrivProf.Header: Write value header ( Passed )
24-03-17 16:44:15 00,0353         |  |  >> 200-6 Property clsPrivProf.Header: Read value header
24-03-17 16:44:15 00,0361 00,0009 |  |  << 200-6 Property clsPrivProf.Header: Read value header ( Passed )
24-03-17 16:44:15 00,0364         |  |  >> 200-7 Property clsPrivProf.Value Let: Write a new value including a value header
24-03-17 16:44:17 02,6215         |  |  |  >> clsPrivProf.FileAsDict (E:\Sync\Excel VBA\DevAndTest\PrivProf\Test\PrivProf.dat)
24-03-17 16:44:17 02,6259 00,0045 |  |  |  << clsPrivProf.FileAsDict (E:\Sync\Excel VBA\DevAndTest\PrivProf\Test\PrivProf.dat)
24-03-17 16:44:17 02,6309 02,5945 |  |  << 200-7 Property clsPrivProf.Value Let: Write a new value including a value header ( Passed )
24-03-17 16:45:00 45,9181 45,9181 |  << mPrivProfTest.Test_200_Property_Header
24-03-17 16:45:00 45,9181 45,9181 << End execution trace 
24-03-17 16:45:00                 Execution trace by 'Common VBA Execution Trace Service (mTrc)' (https://github.com/warbe-maker/VBA-Trace)
24-03-17 16:45:00                 Impact on the overall performance (caused by the trace itself): 0,3 milliseconds!
===========================================================================================================================================
24-03-17 16:54:57 Elapsed Length  Execution trace by 'Common VBA Execution Trace Service (mTrc)' (https://github.com/warbe-maker/VBA-Trace)
24-03-17 16:54:57 seconds seconds >> Begin execution trace 
24-03-17 16:54:57 00,0000         |  >> mPrivProfTest.Test_200_Property_Header
24-03-17 16:54:57 00,0128         |  |  >> 200-1 Property clsPrivProf.Header: File header write
24-03-17 16:54:57 00,0141         |  |  |  >> clsPrivProf.FileAsDict (E:\Sync\Excel VBA\DevAndTest\PrivProf\Test\PrivProf.dat)
24-03-17 16:54:57 00,0170 00,0028 |  |  |  << clsPrivProf.FileAsDict (E:\Sync\Excel VBA\DevAndTest\PrivProf\Test\PrivProf.dat)
24-03-17 16:54:57 00,0211 00,0083 |  |  << 200-1 Property clsPrivProf.Header: File header write
24-03-17 16:54:57 00,0223         |  |  >> 200-2 Property clsPrivProf.Header: File header read
24-03-17 16:54:57 00,0230 00,0008 |  |  << 200-2 Property clsPrivProf.Header: File header read ( Passed )
24-03-17 16:54:57 00,0233         |  |  >> 200-3 Property clsPrivProf.Header: Write section header
24-03-17 16:54:57 00,0245         |  |  |  >> clsPrivProf.FileAsDict (E:\Sync\Excel VBA\DevAndTest\PrivProf\Test\PrivProf.dat)
24-03-17 16:54:57 00,0273 00,0028 |  |  |  << clsPrivProf.FileAsDict (E:\Sync\Excel VBA\DevAndTest\PrivProf\Test\PrivProf.dat)
24-03-17 16:54:57 00,0304 00,0071 |  |  << 200-3 Property clsPrivProf.Header: Write section header ( Passed )
24-03-17 16:54:57 00,0315         |  |  >> 200-4 Property clsPrivProf.Header: Read section header
24-03-17 16:54:57 00,0323 00,0008 |  |  << 200-4 Property clsPrivProf.Header: Read section header ( Passed )
24-03-17 16:54:57 00,0325         |  |  >> 200-5 Property clsPrivProf.Header: Write value header
24-03-17 16:54:57 00,0341         |  |  |  >> clsPrivProf.FileAsDict (E:\Sync\Excel VBA\DevAndTest\PrivProf\Test\PrivProf.dat)
24-03-17 16:54:57 00,0368 00,0027 |  |  |  << clsPrivProf.FileAsDict (E:\Sync\Excel VBA\DevAndTest\PrivProf\Test\PrivProf.dat)
24-03-17 16:54:57 00,0400 00,0074 |  |  << 200-5 Property clsPrivProf.Header: Write value header ( Passed )
24-03-17 16:54:57 00,0411         |  |  >> 200-6 Property clsPrivProf.Header: Read value header
24-03-17 16:54:57 00,0420 00,0009 |  |  << 200-6 Property clsPrivProf.Header: Read value header ( Passed )
24-03-17 16:54:57 00,0422         |  |  >> 200-7 Property clsPrivProf.Value Let: Write a new value including a value header
24-03-17 16:54:57 00,0456         |  |  |  >> clsPrivProf.FileAsDict (E:\Sync\Excel VBA\DevAndTest\PrivProf\Test\PrivProf.dat)
24-03-17 16:54:57 00,0485 00,0028 |  |  |  << clsPrivProf.FileAsDict (E:\Sync\Excel VBA\DevAndTest\PrivProf\Test\PrivProf.dat)
24-03-17 16:54:57 00,0522 00,0100 |  |  << 200-7 Property clsPrivProf.Value Let: Write a new value including a value header ( Passed )
24-03-17 16:54:57 00,0534         |  |  >> 200-8 Property clsPrivProf.Value Get: Read a value including its header
24-03-17 16:55:04 06,9391 06,8857 |  |  << 200-8 Property clsPrivProf.Value Get: Read a value including its header ( Passed )
===========================================================================================================================================
24-03-17 16:55:52 Elapsed Length  Execution trace by 'Common VBA Execution Trace Service (mTrc)' (https://github.com/warbe-maker/VBA-Trace)
24-03-17 16:55:52 seconds seconds >> Begin execution trace 
24-03-17 16:55:52 00,0000         |  >> mPrivProfTest.Test_200_Property_Header
24-03-17 16:55:52 00,0118         |  |  >> 200-1 Property clsPrivProf.Header: File header write
24-03-17 16:55:52 00,0133         |  |  |  >> clsPrivProf.FileAsDict (E:\Sync\Excel VBA\DevAndTest\PrivProf\Test\PrivProf.dat)
24-03-17 16:55:52 00,0162 00,0029 |  |  |  << clsPrivProf.FileAsDict (E:\Sync\Excel VBA\DevAndTest\PrivProf\Test\PrivProf.dat)
24-03-17 16:55:52 00,0194 00,0076 |  |  << 200-1 Property clsPrivProf.Header: File header write
24-03-17 16:55:52 00,0205         |  |  >> 200-2 Property clsPrivProf.Header: File header read
24-03-17 16:55:52 00,0216 00,0011 |  |  << 200-2 Property clsPrivProf.Header: File header read ( Passed )
24-03-17 16:55:52 00,0222         |  |  >> 200-3 Property clsPrivProf.Header: Write section header
24-03-17 16:55:52 00,0238         |  |  |  >> clsPrivProf.FileAsDict (E:\Sync\Excel VBA\DevAndTest\PrivProf\Test\PrivProf.dat)
24-03-17 16:55:52 00,0267 00,0029 |  |  |  << clsPrivProf.FileAsDict (E:\Sync\Excel VBA\DevAndTest\PrivProf\Test\PrivProf.dat)
24-03-17 16:55:52 00,0298 00,0076 |  |  << 200-3 Property clsPrivProf.Header: Write section header ( Passed )
24-03-17 16:55:52 00,0309         |  |  >> 200-4 Property clsPrivProf.Header: Read section header
24-03-17 16:55:52 00,0317 00,0008 |  |  << 200-4 Property clsPrivProf.Header: Read section header ( Passed )
24-03-17 16:55:52 00,0319         |  |  >> 200-5 Property clsPrivProf.Header: Write value header
24-03-17 16:55:52 00,0332         |  |  |  >> clsPrivProf.FileAsDict (E:\Sync\Excel VBA\DevAndTest\PrivProf\Test\PrivProf.dat)
24-03-17 16:55:52 00,0361 00,0029 |  |  |  << clsPrivProf.FileAsDict (E:\Sync\Excel VBA\DevAndTest\PrivProf\Test\PrivProf.dat)
24-03-17 16:55:52 00,0394 00,0074 |  |  << 200-5 Property clsPrivProf.Header: Write value header ( Passed )
24-03-17 16:55:52 00,0405         |  |  >> 200-6 Property clsPrivProf.Header: Read value header
24-03-17 16:55:52 00,0414 00,0009 |  |  << 200-6 Property clsPrivProf.Header: Read value header ( Passed )
24-03-17 16:55:52 00,0416         |  |  >> 200-7 Property clsPrivProf.Value Let: Write a new value including a value header
24-03-17 16:55:52 00,0449         |  |  |  >> clsPrivProf.FileAsDict (E:\Sync\Excel VBA\DevAndTest\PrivProf\Test\PrivProf.dat)
24-03-17 16:55:52 00,0476 00,0028 |  |  |  << clsPrivProf.FileAsDict (E:\Sync\Excel VBA\DevAndTest\PrivProf\Test\PrivProf.dat)
24-03-17 16:55:52 00,0512 00,0095 |  |  << 200-7 Property clsPrivProf.Value Let: Write a new value including a value header ( Passed )
24-03-17 16:55:52 00,0523         |  |  >> 200-8 Property clsPrivProf.Value Get: Read a value including its header
===========================================================================================================================================
24-03-17 16:58:40 Elapsed Length  Execution trace by 'Common VBA Execution Trace Service (mTrc)' (https://github.com/warbe-maker/VBA-Trace)
24-03-17 16:58:40 seconds seconds >> Begin execution trace 
24-03-17 16:58:40 00,0000         |  >> mPrivProfTest.Test_200_Property_Header
24-03-17 16:58:40 00,0119         |  |  >> 200-1 Property clsPrivProf.Header: File header write
24-03-17 16:58:40 00,0133         |  |  |  >> clsPrivProf.FileAsDict (E:\Sync\Excel VBA\DevAndTest\PrivProf\Test\PrivProf.dat)
24-03-17 16:58:40 00,0168 00,0035 |  |  |  << clsPrivProf.FileAsDict (E:\Sync\Excel VBA\DevAndTest\PrivProf\Test\PrivProf.dat)
24-03-17 16:58:40 00,0215 00,0096 |  |  << 200-1 Property clsPrivProf.Header: File header write
24-03-17 16:58:40 00,0228         |  |  >> 200-2 Property clsPrivProf.Header: File header read
24-03-17 16:58:40 00,0237 00,0009 |  |  << 200-2 Property clsPrivProf.Header: File header read ( Passed )
24-03-17 16:58:40 00,0240         |  |  >> 200-3 Property clsPrivProf.Header: Write section header
24-03-17 16:58:40 00,0253         |  |  |  >> clsPrivProf.FileAsDict (E:\Sync\Excel VBA\DevAndTest\PrivProf\Test\PrivProf.dat)
24-03-17 16:58:40 00,0281 00,0027 |  |  |  << clsPrivProf.FileAsDict (E:\Sync\Excel VBA\DevAndTest\PrivProf\Test\PrivProf.dat)
24-03-17 16:58:40 00,0313 00,0073 |  |  << 200-3 Property clsPrivProf.Header: Write section header ( Passed )
24-03-17 16:58:40 00,0324         |  |  >> 200-4 Property clsPrivProf.Header: Read section header
24-03-17 16:58:40 00,0333 00,0009 |  |  << 200-4 Property clsPrivProf.Header: Read section header ( Passed )
24-03-17 16:58:40 00,0336         |  |  >> 200-5 Property clsPrivProf.Header: Write value header
24-03-17 16:58:40 00,0351         |  |  |  >> clsPrivProf.FileAsDict (E:\Sync\Excel VBA\DevAndTest\PrivProf\Test\PrivProf.dat)
24-03-17 16:58:40 00,0380 00,0029 |  |  |  << clsPrivProf.FileAsDict (E:\Sync\Excel VBA\DevAndTest\PrivProf\Test\PrivProf.dat)
24-03-17 16:58:40 00,0413 00,0076 |  |  << 200-5 Property clsPrivProf.Header: Write value header ( Passed )
24-03-17 16:58:40 00,0424         |  |  >> 200-6 Property clsPrivProf.Header: Read value header
24-03-17 16:58:40 00,0433 00,0009 |  |  << 200-6 Property clsPrivProf.Header: Read value header ( Passed )
24-03-17 16:58:40 00,0436         |  |  >> 200-7 Property clsPrivProf.Value Let: Write a new value including a value header
24-03-17 16:58:40 00,0471         |  |  |  >> clsPrivProf.FileAsDict (E:\Sync\Excel VBA\DevAndTest\PrivProf\Test\PrivProf.dat)
24-03-17 16:58:40 00,0500 00,0029 |  |  |  << clsPrivProf.FileAsDict (E:\Sync\Excel VBA\DevAndTest\PrivProf\Test\PrivProf.dat)
24-03-17 16:58:40 00,0539 00,0103 |  |  << 200-7 Property clsPrivProf.Value Let: Write a new value including a value header ( Passed )
24-03-17 16:58:40 00,0550         |  |  >> 200-8 Property clsPrivProf.Value Get: Read a value including its header
===========================================================================================================================================
24-03-17 17:02:16 Elapsed Length  Execution trace by 'Common VBA Execution Trace Service (mTrc)' (https://github.com/warbe-maker/VBA-Trace)
24-03-17 17:02:16 seconds seconds >> Begin execution trace 
24-03-17 17:02:16 00,0000         |  >> mPrivProfTest.Test_200_Property_Header
24-03-17 17:02:16 00,0127         |  |  >> 200-1 Property clsPrivProf.Header: File header write
24-03-17 17:02:16 00,0145         |  |  |  >> clsPrivProf.FileAsDict (E:\Sync\Excel VBA\DevAndTest\PrivProf\Test\PrivProf.dat)
24-03-17 17:02:16 00,0172 00,0027 |  |  |  << clsPrivProf.FileAsDict (E:\Sync\Excel VBA\DevAndTest\PrivProf\Test\PrivProf.dat)
24-03-17 17:02:16 00,0206 00,0079 |  |  << 200-1 Property clsPrivProf.Header: File header write
24-03-17 17:02:16 00,0218         |  |  >> 200-2 Property clsPrivProf.Header: File header read
24-03-17 17:02:16 00,0226 00,0008 |  |  << 200-2 Property clsPrivProf.Header: File header read ( Passed )
24-03-17 17:02:16 00,0229         |  |  >> 200-3 Property clsPrivProf.Header: Write section header
24-03-17 17:02:16 00,0241         |  |  |  >> clsPrivProf.FileAsDict (E:\Sync\Excel VBA\DevAndTest\PrivProf\Test\PrivProf.dat)
24-03-17 17:02:16 00,0271 00,0029 |  |  |  << clsPrivProf.FileAsDict (E:\Sync\Excel VBA\DevAndTest\PrivProf\Test\PrivProf.dat)
24-03-17 17:02:16 00,0309 00,0080 |  |  << 200-3 Property clsPrivProf.Header: Write section header ( Passed )
24-03-17 17:02:16 00,0320         |  |  >> 200-4 Property clsPrivProf.Header: Read section header
24-03-17 17:02:16 00,0329 00,0008 |  |  << 200-4 Property clsPrivProf.Header: Read section header ( Passed )
24-03-17 17:02:16 00,0331         |  |  >> 200-5 Property clsPrivProf.Header: Write value header
24-03-17 17:02:16 00,0344         |  |  |  >> clsPrivProf.FileAsDict (E:\Sync\Excel VBA\DevAndTest\PrivProf\Test\PrivProf.dat)
24-03-17 17:02:16 00,0371 00,0027 |  |  |  << clsPrivProf.FileAsDict (E:\Sync\Excel VBA\DevAndTest\PrivProf\Test\PrivProf.dat)
24-03-17 17:02:16 00,0403 00,0072 |  |  << 200-5 Property clsPrivProf.Header: Write value header ( Passed )
24-03-17 17:02:16 00,0414         |  |  >> 200-6 Property clsPrivProf.Header: Read value header
24-03-17 17:02:18 01,5526 01,5112 |  |  << 200-6 Property clsPrivProf.Header: Read value header ( Passed )
24-03-17 17:02:18 01,5531         |  |  >> 200-7 Property clsPrivProf.Value Let: Write a new value including a value header
24-03-17 17:02:18 01,5566         |  |  |  >> clsPrivProf.FileAsDict (E:\Sync\Excel VBA\DevAndTest\PrivProf\Test\PrivProf.dat)
24-03-17 17:02:18 01,5603 00,0037 |  |  |  << clsPrivProf.FileAsDict (E:\Sync\Excel VBA\DevAndTest\PrivProf\Test\PrivProf.dat)
24-03-17 17:02:18 01,5658 00,0127 |  |  << 200-7 Property clsPrivProf.Value Let: Write a new value including a value header ( Passed )
24-03-17 17:02:18 01,5671         |  |  >> 200-8 Property clsPrivProf.Value Get: Read a value including its header
===========================================================================================================================================
24-03-17 17:03:23 Elapsed Length  Execution trace by 'Common VBA Execution Trace Service (mTrc)' (https://github.com/warbe-maker/VBA-Trace)
24-03-17 17:03:23 seconds seconds >> Begin execution trace 
24-03-17 17:03:23 00,0000         |  >> mPrivProfTest.Test_200_Property_Header
24-03-17 17:03:23 00,0122         |  |  >> 200-1 Property clsPrivProf.Header: File header write
24-03-17 17:03:23 00,0137         |  |  |  >> clsPrivProf.FileAsDict (E:\Sync\Excel VBA\DevAndTest\PrivProf\Test\PrivProf.dat)
24-03-17 17:03:23 00,0163 00,0026 |  |  |  << clsPrivProf.FileAsDict (E:\Sync\Excel VBA\DevAndTest\PrivProf\Test\PrivProf.dat)
24-03-17 17:03:23 00,0197 00,0076 |  |  << 200-1 Property clsPrivProf.Header: File header write
24-03-17 17:03:23 00,0209         |  |  >> 200-2 Property clsPrivProf.Header: File header read
24-03-17 17:03:23 00,0217 00,0008 |  |  << 200-2 Property clsPrivProf.Header: File header read ( Passed )
24-03-17 17:03:23 00,0220         |  |  >> 200-3 Property clsPrivProf.Header: Write section header
24-03-17 17:03:23 00,0235         |  |  |  >> clsPrivProf.FileAsDict (E:\Sync\Excel VBA\DevAndTest\PrivProf\Test\PrivProf.dat)
24-03-17 17:03:23 00,0273 00,0038 |  |  |  << clsPrivProf.FileAsDict (E:\Sync\Excel VBA\DevAndTest\PrivProf\Test\PrivProf.dat)
24-03-17 17:03:23 00,0305 00,0085 |  |  << 200-3 Property clsPrivProf.Header: Write section header ( Passed )
24-03-17 17:03:23 00,0316         |  |  >> 200-4 Property clsPrivProf.Header: Read section header
24-03-17 17:03:23 00,0325 00,0008 |  |  << 200-4 Property clsPrivProf.Header: Read section header ( Passed )
24-03-17 17:03:23 00,0328         |  |  >> 200-5 Property clsPrivProf.Header: Write value header
24-03-17 17:03:23 00,0341         |  |  |  >> clsPrivProf.FileAsDict (E:\Sync\Excel VBA\DevAndTest\PrivProf\Test\PrivProf.dat)
24-03-17 17:03:23 00,0368 00,0027 |  |  |  << clsPrivProf.FileAsDict (E:\Sync\Excel VBA\DevAndTest\PrivProf\Test\PrivProf.dat)
24-03-17 17:03:23 00,0399 00,0072 |  |  << 200-5 Property clsPrivProf.Header: Write value header ( Passed )
24-03-17 17:03:23 00,0411         |  |  >> 200-6 Property clsPrivProf.Header: Read value header
24-03-17 17:03:29 06,3439 06,3028 |  |  << 200-6 Property clsPrivProf.Header: Read value header ( Passed )
24-03-17 17:03:29 06,3444         |  |  >> 200-7 Property clsPrivProf.Value Let: Write a new value including a value header
24-03-17 17:03:29 06,3478         |  |  |  >> clsPrivProf.FileAsDict (E:\Sync\Excel VBA\DevAndTest\PrivProf\Test\PrivProf.dat)
24-03-17 17:03:29 06,3506 00,0028 |  |  |  << clsPrivProf.FileAsDict (E:\Sync\Excel VBA\DevAndTest\PrivProf\Test\PrivProf.dat)
24-03-17 17:03:29 06,3551 00,0107 |  |  << 200-7 Property clsPrivProf.Value Let: Write a new value including a value header ( Passed )
24-03-17 17:03:29 06,3562         |  |  >> 200-8 Property clsPrivProf.Value Get: Read a value including its header
24-03-17 17:03:34 10,6570 04,3008 |  |  << 200-8 Property clsPrivProf.Value Get: Read a value including its header ( Passed )
===========================================================================================================================================
24-03-17 17:03:50 Elapsed Length  Execution trace by 'Common VBA Execution Trace Service (mTrc)' (https://github.com/warbe-maker/VBA-Trace)
24-03-17 17:03:50 seconds seconds >> Begin execution trace 
24-03-17 17:03:50 00,0000         |  >> mPrivProfTest.Test_200_Property_Header
24-03-17 17:03:50 00,0132         |  |  >> 200-1 Property clsPrivProf.Header: File header write
24-03-17 17:03:50 00,0158         |  |  |  >> clsPrivProf.FileAsDict (E:\Sync\Excel VBA\DevAndTest\PrivProf\Test\PrivProf.dat)
24-03-17 17:03:50 00,0222 00,0064 |  |  |  << clsPrivProf.FileAsDict (E:\Sync\Excel VBA\DevAndTest\PrivProf\Test\PrivProf.dat)
24-03-17 17:03:50 00,0310 00,0178 |  |  << 200-1 Property clsPrivProf.Header: File header write
24-03-17 17:03:50 00,0342         |  |  >> 200-2 Property clsPrivProf.Header: File header read
24-03-17 17:03:50 00,0395 00,0053 |  |  << 200-2 Property clsPrivProf.Header: File header read ( Passed )
24-03-17 17:03:50 00,0406         |  |  >> 200-3 Property clsPrivProf.Header: Write section header
24-03-17 17:03:50 00,0446         |  |  |  >> clsPrivProf.FileAsDict (E:\Sync\Excel VBA\DevAndTest\PrivProf\Test\PrivProf.dat)
24-03-17 17:03:50 00,0548 00,0103 |  |  |  << clsPrivProf.FileAsDict (E:\Sync\Excel VBA\DevAndTest\PrivProf\Test\PrivProf.dat)
24-03-17 17:03:50 00,0629 00,0223 |  |  << 200-3 Property clsPrivProf.Header: Write section header ( Passed )
24-03-17 17:03:50 00,0652         |  |  >> 200-4 Property clsPrivProf.Header: Read section header
24-03-17 17:03:50 00,0670 00,0018 |  |  << 200-4 Property clsPrivProf.Header: Read section header ( Passed )
24-03-17 17:03:50 00,0676         |  |  >> 200-5 Property clsPrivProf.Header: Write value header
24-03-17 17:03:50 00,0703         |  |  |  >> clsPrivProf.FileAsDict (E:\Sync\Excel VBA\DevAndTest\PrivProf\Test\PrivProf.dat)
24-03-17 17:03:50 00,0772 00,0069 |  |  |  << clsPrivProf.FileAsDict (E:\Sync\Excel VBA\DevAndTest\PrivProf\Test\PrivProf.dat)
24-03-17 17:03:50 00,0833 00,0158 |  |  << 200-5 Property clsPrivProf.Header: Write value header ( Passed )
24-03-17 17:03:50 00,0855         |  |  >> 200-6 Property clsPrivProf.Header: Read value header
24-03-17 17:03:55 04,7111 04,6255 |  |  << 200-6 Property clsPrivProf.Header: Read value header ( Passed )
24-03-17 17:03:55 04,7115         |  |  >> 200-7 Property clsPrivProf.Value Let: Write a new value including a value header
24-03-17 17:03:55 04,7147         |  |  |  >> clsPrivProf.FileAsDict (E:\Sync\Excel VBA\DevAndTest\PrivProf\Test\PrivProf.dat)
24-03-17 17:03:55 04,7177 00,0030 |  |  |  << clsPrivProf.FileAsDict (E:\Sync\Excel VBA\DevAndTest\PrivProf\Test\PrivProf.dat)
24-03-17 17:03:55 04,7213 00,0099 |  |  << 200-7 Property clsPrivProf.Value Let: Write a new value including a value header ( Passed )
24-03-17 17:03:55 04,7230         |  |  >> 200-8 Property clsPrivProf.Value Get: Read a value including its header
24-03-17 17:05:30 99,9657 95,2427 |  |  << 200-8 Property clsPrivProf.Value Get: Read a value including its header ( Passed )
===========================================================================================================================================
24-03-17 17:06:14 Elapsed Length  Execution trace by 'Common VBA Execution Trace Service (mTrc)' (https://github.com/warbe-maker/VBA-Trace)
24-03-17 17:06:14 seconds seconds >> Begin execution trace 
24-03-17 17:06:14 00,0000         |  >> mPrivProfTest.Test_200_Property_Header
24-03-17 17:06:14 00,0128         |  |  >> 200-1 Property clsPrivProf.Header: File header write
24-03-17 17:06:14 00,0148         |  |  |  >> clsPrivProf.FileAsDict (E:\Sync\Excel VBA\DevAndTest\PrivProf\Test\PrivProf.dat)
24-03-17 17:06:14 00,0176 00,0028 |  |  |  << clsPrivProf.FileAsDict (E:\Sync\Excel VBA\DevAndTest\PrivProf\Test\PrivProf.dat)
24-03-17 17:06:14 00,0209 00,0080 |  |  << 200-1 Property clsPrivProf.Header: File header write
24-03-17 17:06:14 00,0220         |  |  >> 200-2 Property clsPrivProf.Header: File header read
24-03-17 17:06:14 00,0229 00,0009 |  |  << 200-2 Property clsPrivProf.Header: File header read ( Passed )
24-03-17 17:06:14 00,0233         |  |  >> 200-3 Property clsPrivProf.Header: Write section header
24-03-17 17:06:14 00,0250         |  |  |  >> clsPrivProf.FileAsDict (E:\Sync\Excel VBA\DevAndTest\PrivProf\Test\PrivProf.dat)
24-03-17 17:06:14 00,0280 00,0030 |  |  |  << clsPrivProf.FileAsDict (E:\Sync\Excel VBA\DevAndTest\PrivProf\Test\PrivProf.dat)
24-03-17 17:06:14 00,0313 00,0079 |  |  << 200-3 Property clsPrivProf.Header: Write section header ( Passed )
24-03-17 17:06:14 00,0324         |  |  >> 200-4 Property clsPrivProf.Header: Read section header
24-03-17 17:06:14 00,0332 00,0008 |  |  << 200-4 Property clsPrivProf.Header: Read section header ( Passed )
24-03-17 17:06:14 00,0335         |  |  >> 200-5 Property clsPrivProf.Header: Write value header
24-03-17 17:06:14 00,0348         |  |  |  >> clsPrivProf.FileAsDict (E:\Sync\Excel VBA\DevAndTest\PrivProf\Test\PrivProf.dat)
24-03-17 17:06:14 00,0375 00,0027 |  |  |  << clsPrivProf.FileAsDict (E:\Sync\Excel VBA\DevAndTest\PrivProf\Test\PrivProf.dat)
24-03-17 17:06:14 00,0407 00,0072 |  |  << 200-5 Property clsPrivProf.Header: Write value header ( Passed )
24-03-17 17:06:14 00,0419         |  |  >> 200-6 Property clsPrivProf.Header: Read value header
24-03-17 17:06:17 03,8140 03,7721 |  |  << 200-6 Property clsPrivProf.Header: Read value header ( Passed )
24-03-17 17:06:17 03,8146         |  |  >> 200-7 Property clsPrivProf.Value Let: Write a new value including a value header
24-03-17 17:06:17 03,8179         |  |  |  >> clsPrivProf.FileAsDict (E:\Sync\Excel VBA\DevAndTest\PrivProf\Test\PrivProf.dat)
24-03-17 17:06:17 03,8207 00,0028 |  |  |  << clsPrivProf.FileAsDict (E:\Sync\Excel VBA\DevAndTest\PrivProf\Test\PrivProf.dat)
24-03-17 17:06:17 03,8257 00,0111 |  |  << 200-7 Property clsPrivProf.Value Let: Write a new value including a value header ( Passed )
24-03-17 17:06:17 03,8270         |  |  >> 200-8 Property clsPrivProf.Value Get: Read a value including its header
24-03-17 17:06:17 03,8291 00,0021 |  |  << 200-8 Property clsPrivProf.Value Get: Read a value including its header ( Passed )
24-03-17 17:06:17 03,8299 03,8299 |  << mPrivProfTest.Test_200_Property_Header
24-03-17 17:06:17 03,8299 03,8299 << End execution trace 
24-03-17 17:06:17                 Execution trace by 'Common VBA Execution Trace Service (mTrc)' (https://github.com/warbe-maker/VBA-Trace)
24-03-17 17:06:17                 Impact on the overall performance (caused by the trace itself): 0,4 milliseconds!
===========================================================================================================================================
24-03-17 17:10:15 Elapsed Length  Execution trace by 'Common VBA Execution Trace Service (mTrc)' (https://github.com/warbe-maker/VBA-Trace)
24-03-17 17:10:15 seconds seconds >> Begin execution trace 
24-03-17 17:10:15 00,0000         |  >> mPrivProfTest.Test_200_Property_Header
24-03-17 17:10:15 00,0111         |  |  >> 200-1 Property clsPrivProf.Header: File header write
24-03-17 17:10:15 00,0124         |  |  |  >> clsPrivProf.FileAsDict (E:\Sync\Excel VBA\DevAndTest\PrivProf\Test\PrivProf.dat)
24-03-17 17:10:15 00,0166 00,0042 |  |  |  << clsPrivProf.FileAsDict (E:\Sync\Excel VBA\DevAndTest\PrivProf\Test\PrivProf.dat)
24-03-17 17:10:15 00,0201 00,0090 |  |  << 200-1 Property clsPrivProf.Header: File header write
24-03-17 17:10:15 00,0213         |  |  >> 200-2 Property clsPrivProf.Header: File header read
24-03-17 17:10:15 00,0221 00,0008 |  |  << 200-2 Property clsPrivProf.Header: File header read ( Passed )
24-03-17 17:10:15 00,0224         |  |  >> 200-3 Property clsPrivProf.Header: Write section header
24-03-17 17:10:15 00,0237         |  |  |  >> clsPrivProf.FileAsDict (E:\Sync\Excel VBA\DevAndTest\PrivProf\Test\PrivProf.dat)
24-03-17 17:10:15 00,0265 00,0029 |  |  |  << clsPrivProf.FileAsDict (E:\Sync\Excel VBA\DevAndTest\PrivProf\Test\PrivProf.dat)
24-03-17 17:10:15 00,0296 00,0073 |  |  << 200-3 Property clsPrivProf.Header: Write section header ( Passed )
24-03-17 17:10:15 00,0311         |  |  >> 200-4 Property clsPrivProf.Header: Read section header
24-03-17 17:10:15 00,0323 00,0013 |  |  << 200-4 Property clsPrivProf.Header: Read section header ( Passed )
24-03-17 17:10:15 00,0327         |  |  >> 200-5 Property clsPrivProf.Header: Write value header
24-03-17 17:10:15 00,0341         |  |  |  >> clsPrivProf.FileAsDict (E:\Sync\Excel VBA\DevAndTest\PrivProf\Test\PrivProf.dat)
24-03-17 17:10:15 00,0368 00,0027 |  |  |  << clsPrivProf.FileAsDict (E:\Sync\Excel VBA\DevAndTest\PrivProf\Test\PrivProf.dat)
24-03-17 17:10:15 00,0401 00,0074 |  |  << 200-5 Property clsPrivProf.Header: Write value header ( Passed )
24-03-17 17:10:15 00,0413         |  |  >> 200-6 Property clsPrivProf.Header: Read value header
24-03-17 17:10:15 00,0422 00,0009 |  |  << 200-6 Property clsPrivProf.Header: Read value header ( Passed )
24-03-17 17:10:15 00,0425         |  |  >> 200-7 Property clsPrivProf.Value Let: Write a new value including a value header
24-03-17 17:10:15 00,0457         |  |  |  >> clsPrivProf.FileAsDict (E:\Sync\Excel VBA\DevAndTest\PrivProf\Test\PrivProf.dat)
24-03-17 17:10:15 00,0485 00,0028 |  |  |  << clsPrivProf.FileAsDict (E:\Sync\Excel VBA\DevAndTest\PrivProf\Test\PrivProf.dat)
24-03-17 17:10:15 00,0523 00,0099 |  |  << 200-7 Property clsPrivProf.Value Let: Write a new value including a value header ( Passed )
24-03-17 17:10:15 00,0535         |  |  >> 200-8 Property clsPrivProf.Value Get: Read a value including its header
===========================================================================================================================================
24-03-17 17:11:36 Elapsed Length  Execution trace by 'Common VBA Execution Trace Service (mTrc)' (https://github.com/warbe-maker/VBA-Trace)
24-03-17 17:11:36 seconds seconds >> Begin execution trace 
24-03-17 17:11:36 00,0000         |  >> mPrivProfTest.Test_200_Property_Header
24-03-17 17:11:36 00,0139         |  |  >> 200-1 Property clsPrivProf.Header: File header write
24-03-17 17:11:36 00,0153         |  |  |  >> clsPrivProf.FileAsDict (E:\Sync\Excel VBA\DevAndTest\PrivProf\Test\PrivProf.dat)
24-03-17 17:11:36 00,0180 00,0027 |  |  |  << clsPrivProf.FileAsDict (E:\Sync\Excel VBA\DevAndTest\PrivProf\Test\PrivProf.dat)
24-03-17 17:11:36 00,0221 00,0082 |  |  << 200-1 Property clsPrivProf.Header: File header write
24-03-17 17:11:36 00,0233         |  |  >> 200-2 Property clsPrivProf.Header: File header read
24-03-17 17:11:36 00,0241 00,0008 |  |  << 200-2 Property clsPrivProf.Header: File header read ( Passed )
24-03-17 17:11:36 00,0244         |  |  >> 200-3 Property clsPrivProf.Header: Write section header
24-03-17 17:11:36 00,0257         |  |  |  >> clsPrivProf.FileAsDict (E:\Sync\Excel VBA\DevAndTest\PrivProf\Test\PrivProf.dat)
24-03-17 17:11:36 00,0284 00,0027 |  |  |  << clsPrivProf.FileAsDict (E:\Sync\Excel VBA\DevAndTest\PrivProf\Test\PrivProf.dat)
24-03-17 17:11:37 00,0315 00,0072 |  |  << 200-3 Property clsPrivProf.Header: Write section header ( Passed )
24-03-17 17:11:37 00,0326         |  |  >> 200-4 Property clsPrivProf.Header: Read section header
24-03-17 17:11:37 00,0335 00,0008 |  |  << 200-4 Property clsPrivProf.Header: Read section header ( Passed )
24-03-17 17:11:37 00,0338         |  |  >> 200-5 Property clsPrivProf.Header: Write value header
24-03-17 17:11:37 00,0352         |  |  |  >> clsPrivProf.FileAsDict (E:\Sync\Excel VBA\DevAndTest\PrivProf\Test\PrivProf.dat)
24-03-17 17:11:37 00,0378 00,0026 |  |  |  << clsPrivProf.FileAsDict (E:\Sync\Excel VBA\DevAndTest\PrivProf\Test\PrivProf.dat)
24-03-17 17:11:37 00,0411 00,0073 |  |  << 200-5 Property clsPrivProf.Header: Write value header ( Passed )
24-03-17 17:11:37 00,0422         |  |  >> 200-6 Property clsPrivProf.Header: Read value header
24-03-17 17:11:37 00,0431 00,0009 |  |  << 200-6 Property clsPrivProf.Header: Read value header ( Passed )
24-03-17 17:11:37 00,0434         |  |  >> 200-7 Property clsPrivProf.Value Let: Write a new value including a value header
24-03-17 17:11:37 00,0467         |  |  |  >> clsPrivProf.FileAsDict (E:\Sync\Excel VBA\DevAndTest\PrivProf\Test\PrivProf.dat)
24-03-17 17:11:37 00,0494 00,0028 |  |  |  << clsPrivProf.FileAsDict (E:\Sync\Excel VBA\DevAndTest\PrivProf\Test\PrivProf.dat)
24-03-17 17:11:37 00,0531 00,0097 |  |  << 200-7 Property clsPrivProf.Value Let: Write a new value including a value header ( Passed )
24-03-17 17:11:37 00,0542         |  |  >> 200-8 Property clsPrivProf.Value Get: Read a value including its header
24-03-17 17:11:37 00,0553 00,0011 |  |  << 200-8 Property clsPrivProf.Value Get: Read a value including its header ( Passed )
24-03-17 17:11:37 00,0559 00,0559 |  << mPrivProfTest.Test_200_Property_Header
24-03-17 17:11:37 00,0559 00,0559 << End execution trace 
24-03-17 17:11:37                 Execution trace by 'Common VBA Execution Trace Service (mTrc)' (https://github.com/warbe-maker/VBA-Trace)
24-03-17 17:11:37                 Impact on the overall performance (caused by the trace itself): 0,3 milliseconds!
===========================================================================================================================================
24-03-17 18:39:23 Elapsed Length  Execution trace by 'Common VBA Execution Trace Service (mTrc)' (https://github.com/warbe-maker/VBA-Trace)
24-03-17 18:39:23 seconds seconds >> Begin execution trace 
24-03-17 18:39:23 00,0000         |  >> mPrivProfTest.Test_200_Property_Header
24-03-17 18:39:23 00,0128         |  |  >> 200-1 Property clsPrivProf.Header Let: File header write
24-03-17 18:39:23 00,0144         |  |  |  >> clsPrivProf.FileAsDict (E:\Sync\Excel VBA\DevAndTest\PrivProf\PrivProf.dat)
24-03-17 18:39:23 00,0155 00,0011 |  |  |  << clsPrivProf.FileAsDict (E:\Sync\Excel VBA\DevAndTest\PrivProf\PrivProf.dat)
24-03-17 18:39:23 00,0177 00,0049 |  |  << 200-1 Property clsPrivProf.Header Let: File header write
===========================================================================================================================================
24-03-17 18:39:58 Elapsed Length  Execution trace by 'Common VBA Execution Trace Service (mTrc)' (https://github.com/warbe-maker/VBA-Trace)
24-03-17 18:39:58 seconds seconds >> Begin execution trace 
24-03-17 18:39:58 00,0000         |  >> mPrivProfTest.Test_200_Property_Header
===========================================================================================================================================
24-03-17 18:44:13 Elapsed Length  Execution trace by 'Common VBA Execution Trace Service (mTrc)' (https://github.com/warbe-maker/VBA-Trace)
24-03-17 18:44:13 seconds seconds >> Begin execution trace 
24-03-17 18:44:13 00,0000         |  >> mPrivProfTest.Test_100_Property_FileName
24-03-17 18:44:13 00,0110         |  |  >> 100-1 Property clsPrivProf.FileName Get: Default name
24-03-17 18:44:13 00,0123 00,0013 |  |  << 100-1 Property clsPrivProf.FileName Get: Default name
24-03-17 18:44:13 00,0147         |  |  >> 100-2 Property clsPrivProf.FileName Let: Specifying a file valid name
24-03-17 18:44:13 00,0152 00,0005 |  |  << 100-2 Property clsPrivProf.FileName Let: Specifying a file valid name ( Passed )
24-03-17 18:44:13 00,0157         |  |  >> 100-3 Property clsPrivProf.FileName Let: Specifying an invalid file valid name
24-03-17 18:44:13 00,0166 00,0008 |  |  << 100-3 Property clsPrivProf.FileName Let: Specifying an invalid file valid name ( Passed )
24-03-17 18:44:13 00,0169 00,0169 |  << mPrivProfTest.Test_100_Property_FileName
24-03-17 18:44:13 00,0169 00,0169 << End execution trace 
24-03-17 18:44:13                 Execution trace by 'Common VBA Execution Trace Service (mTrc)' (https://github.com/warbe-maker/VBA-Trace)
24-03-17 18:44:13                 Impact on the overall performance (caused by the trace itself): 0,4 milliseconds!
===========================================================================================================================================
24-03-17 18:44:20 Elapsed Length  Execution trace by 'Common VBA Execution Trace Service (mTrc)' (https://github.com/warbe-maker/VBA-Trace)
24-03-17 18:44:20 seconds seconds >> Begin execution trace 
24-03-17 18:44:20 00,0000         |  >> mPrivProfTest.Test_110_Methods_xExists
24-03-17 18:44:20 00,0102         |  |  >> 110-1 Method   clsPrivProf.Exists: Section not exists
24-03-17 18:44:20 00,0113 00,0011 |  |  << 110-1 Method   clsPrivProf.Exists: Section not exists ( Passed )
24-03-17 18:44:20 00,0116         |  |  >> 110-3 Method   clsPrivProf.Exists: Section exists
24-03-17 18:44:20 00,0124 00,0009 |  |  << 110-3 Method   clsPrivProf.Exists: Section exists ( F a i l e d ! )
===========================================================================================================================================
24-03-17 18:44:41 Elapsed Length  Execution trace by 'Common VBA Execution Trace Service (mTrc)' (https://github.com/warbe-maker/VBA-Trace)
24-03-17 18:44:41 seconds seconds >> Begin execution trace 
24-03-17 18:44:41 00,0000         |  >> mPrivProfTest.Test_110_Methods_xExists
24-03-17 18:44:41 00,0112         |  |  >> 110-1 Method   clsPrivProf.Exists: Section not exists
24-03-17 18:44:41 00,0135 00,0022 |  |  << 110-1 Method   clsPrivProf.Exists: Section not exists ( Passed )
24-03-17 18:44:41 00,0139         |  |  >> 110-3 Method   clsPrivProf.Exists: Section exists
===========================================================================================================================================
24-03-17 18:45:43 Elapsed Length  Execution trace by 'Common VBA Execution Trace Service (mTrc)' (https://github.com/warbe-maker/VBA-Trace)
24-03-17 18:45:43 seconds seconds >> Begin execution trace 
24-03-17 18:45:43 00,0000         |  >> mPrivProfTest.Test_110_Methods_xExists
24-03-17 18:45:43 00,0113         |  |  >> 110-1 Method   clsPrivProf.Exists: Section not exists
24-03-17 18:46:47 63,2793 63,2680 |  |  << 110-1 Method   clsPrivProf.Exists: Section not exists ( Passed )
24-03-17 18:46:47 63,2798         |  |  >> 110-3 Method   clsPrivProf.Exists: Section exists
===========================================================================================================================================
24-03-17 18:49:18 Elapsed Length  Execution trace by 'Common VBA Execution Trace Service (mTrc)' (https://github.com/warbe-maker/VBA-Trace)
24-03-17 18:49:18 seconds seconds >> Begin execution trace 
24-03-17 18:49:18 00,0000         |  >> mPrivProfTest.Test_110_Methods_xExists
24-03-17 18:49:18 00,0122         |  |  >> 110-1 Method   clsPrivProf.Exists: Section not exists
24-03-17 18:49:28 10,4180 10,4058 |  |  << 110-1 Method   clsPrivProf.Exists: Section not exists ( Passed )
24-03-17 18:49:28 10,4186         |  |  >> 110-3 Method   clsPrivProf.Exists: Section exists
24-03-17 18:52:03 164,9216 154,5030 |  |  << 110-3 Method   clsPrivProf.Exists: Section exists ( F a i l e d ! )
===========================================================================================================================================
24-03-17 18:52:07 Elapsed Length  Execution trace by 'Common VBA Execution Trace Service (mTrc)' (https://github.com/warbe-maker/VBA-Trace)
24-03-17 18:52:07 seconds seconds >> Begin execution trace 
24-03-17 18:52:07 00,0000         |  >> mPrivProfTest.Test_110_Methods_xExists
===========================================================================================================================================
24-03-17 18:55:34 Elapsed Length  Execution trace by 'Common VBA Execution Trace Service (mTrc)' (https://github.com/warbe-maker/VBA-Trace)
24-03-17 18:55:34 seconds seconds >> Begin execution trace 
24-03-17 18:55:34 00,0000         |  >> mPrivProfTest.Test_500_Method_Reorg
24-03-17 18:55:52 17,7370         |  |  >> clsPrivProf.FileAsDict (E:\Sync\Excel VBA\DevAndTest\PrivProf\PrivProf.dat)
24-03-17 18:55:54 17,7384 00,0013 |  |  << clsPrivProf.FileAsDict (VB-Runtime Error 9 )
===========================================================================================================================================
24-03-17 19:02:36 Elapsed Length  Execution trace by 'Common VBA Execution Trace Service (mTrc)' (https://github.com/warbe-maker/VBA-Trace)
24-03-17 19:02:36 seconds seconds >> Begin execution trace 
24-03-17 19:02:36 00,0000         |  >> mPrivProfTest.Test_100_Property_FileName
===========================================================================================================================================
24-03-17 19:04:05 Elapsed Length  Execution trace by 'Common VBA Execution Trace Service (mTrc)' (https://github.com/warbe-maker/VBA-Trace)
24-03-17 19:04:05 seconds seconds >> Begin execution trace 
24-03-17 19:04:05 00,0000         |  >> mPrivProfTest.Test_100_Property_FileName
===========================================================================================================================================
24-03-17 19:05:30 Elapsed Length  Execution trace by 'Common VBA Execution Trace Service (mTrc)' (https://github.com/warbe-maker/VBA-Trace)
24-03-17 19:05:30 seconds seconds >> Begin execution trace 
24-03-17 19:05:30 00,0000         |  >> mPrivProfTest.Test_100_Property_FileName
24-03-17 19:05:34 04,8318         |  |  >> 100-1 Property clsPrivProf.FileName Get: Default name
===========================================================================================================================================
24-03-17 19:07:48 Elapsed Length  Execution trace by 'Common VBA Execution Trace Service (mTrc)' (https://github.com/warbe-maker/VBA-Trace)
24-03-17 19:07:48 seconds seconds >> Begin execution trace 
24-03-17 19:07:48 00,0000         |  >> mPrivProfTest.Test_100_Property_FileName
24-03-17 19:07:52 03,9083         |  |  >> 100-1 Property clsPrivProf.FileName Get: Default name
24-03-17 19:08:22 33,9559 30,0476 |  |  << 100-1 Property clsPrivProf.FileName Get: Default name
24-03-17 19:09:57 129,1912         |  |  >> 100-2 Property clsPrivProf.FileName Let: Specifying a file valid name
24-03-17 19:09:57 129,1915 00,0004 |  |  << 100-2 Property clsPrivProf.FileName Let: Specifying a file valid name ( Passed )
24-03-17 19:09:57 129,1920         |  |  >> 100-3 Property clsPrivProf.FileName Let: Specifying an invalid file valid name
24-03-17 19:09:57 129,1928 00,0008 |  |  << 100-3 Property clsPrivProf.FileName Let: Specifying an invalid file valid name ( Passed )
24-03-17 19:09:57 129,1931 129,1931 |  << mPrivProfTest.Test_100_Property_FileName
24-03-17 19:09:57 129,1931 129,1931 << End execution trace 
24-03-17 19:09:57                 Execution trace by 'Common VBA Execution Trace Service (mTrc)' (https://github.com/warbe-maker/VBA-Trace)
24-03-17 19:09:57                 Impact on the overall performance (caused by the trace itself): 0,3 milliseconds!
===========================================================================================================================================
24-03-17 19:13:21 Elapsed Length  Execution trace by 'Common VBA Execution Trace Service (mTrc)' (https://github.com/warbe-maker/VBA-Trace)
24-03-17 19:13:21 seconds seconds >> Begin execution trace 
24-03-17 19:13:21 00,0000         |  >> mPrivProfTest.Test_200_Property_Header
24-03-17 19:13:42 20,7093         |  |  >> 200-1 Property clsPrivProf.Header Let: File header write
24-03-17 19:13:42 20,7111         |  |  |  >> clsPrivProf.FileAsDict (E:\Sync\Excel VBA\DevAndTest\PrivProf\PrivProf.dat)
24-03-17 19:13:42 20,7131 00,0019 |  |  |  << clsPrivProf.FileAsDict (E:\Sync\Excel VBA\DevAndTest\PrivProf\PrivProf.dat)
24-03-17 19:13:42 20,7170 00,0076 |  |  << 200-1 Property clsPrivProf.Header Let: File header write
===========================================================================================================================================
24-03-17 19:15:28 Elapsed Length  Execution trace by 'Common VBA Execution Trace Service (mTrc)' (https://github.com/warbe-maker/VBA-Trace)
24-03-17 19:15:28 seconds seconds >> Begin execution trace 
24-03-17 19:15:28 00,0000         |  >> mPrivProfTest.Test_200_Property_Header
24-03-17 19:16:28 60,0551         |  |  >> 200-1 Property clsPrivProf.Header Let: File header write
24-03-17 19:16:30 61,5585         |  |  |  >> clsPrivProf.FileAsDict (E:\Sync\Excel VBA\DevAndTest\PrivProf\Test\PrivProf.dat)
24-03-17 19:16:30 61,5612 00,0027 |  |  |  << clsPrivProf.FileAsDict (E:\Sync\Excel VBA\DevAndTest\PrivProf\Test\PrivProf.dat)
24-03-17 19:16:30 61,5651 01,5101 |  |  << 200-1 Property clsPrivProf.Header Let: File header write
24-03-17 19:16:32 63,2796         |  |  >> 200-2 Property clsPrivProf.Header Get: File header read
24-03-17 19:16:32 63,2805 00,0009 |  |  << 200-2 Property clsPrivProf.Header Get: File header read ( Passed )
24-03-17 19:16:32 63,2808         |  |  >> 200-3 Property clsPrivProf.Header Let: Write section header
24-03-17 19:16:32 63,2821         |  |  |  >> clsPrivProf.FileAsDict (E:\Sync\Excel VBA\DevAndTest\PrivProf\Test\PrivProf.dat)
24-03-17 19:16:32 63,2848 00,0026 |  |  |  << clsPrivProf.FileAsDict (E:\Sync\Excel VBA\DevAndTest\PrivProf\Test\PrivProf.dat)
24-03-17 19:16:32 63,2907 00,0098 |  |  << 200-3 Property clsPrivProf.Header Let: Write section header ( Passed )
24-03-17 19:16:32 63,2922         |  |  >> 200-4 Property clsPrivProf.Header Get: Read section header
24-03-17 19:16:32 63,2931 00,0009 |  |  << 200-4 Property clsPrivProf.Header Get: Read section header ( Passed )
24-03-17 19:16:32 63,2935         |  |  >> 200-5 Property clsPrivProf.Header Let: Write value header
24-03-17 19:16:32 63,2949         |  |  |  >> clsPrivProf.FileAsDict (E:\Sync\Excel VBA\DevAndTest\PrivProf\Test\PrivProf.dat)
24-03-17 19:16:32 63,2978 00,0029 |  |  |  << clsPrivProf.FileAsDict (E:\Sync\Excel VBA\DevAndTest\PrivProf\Test\PrivProf.dat)
24-03-17 19:16:32 63,3011 00,0076 |  |  << 200-5 Property clsPrivProf.Header Let: Write value header ( Passed )
24-03-17 19:16:32 63,3030         |  |  >> 200-6 Property clsPrivProf.Header Get: Read value header
24-03-17 19:16:32 63,3045 00,0015 |  |  << 200-6 Property clsPrivProf.Header Get: Read value header ( Passed )
24-03-17 19:16:32 63,3050         |  |  >> 200-7 Property clsPrivProf.Value Let: Write a new value including a value header
24-03-17 19:16:32 63,3090         |  |  |  >> clsPrivProf.FileAsDict (E:\Sync\Excel VBA\DevAndTest\PrivProf\Test\PrivProf.dat)
24-03-17 19:16:32 63,3118 00,0028 |  |  |  << clsPrivProf.FileAsDict (E:\Sync\Excel VBA\DevAndTest\PrivProf\Test\PrivProf.dat)
24-03-17 19:16:32 63,3155 00,0106 |  |  << 200-7 Property clsPrivProf.Value Let: Write a new value including a value header ( Passed )
24-03-17 19:16:32 63,3167         |  |  >> 200-8 Property clsPrivProf.Value Get: Read a value together with its header
24-03-17 19:16:32 63,3178 00,0011 |  |  << 200-8 Property clsPrivProf.Value Get: Read a value together with its header ( Passed )
24-03-17 19:16:32 63,3184 63,3184 |  << mPrivProfTest.Test_200_Property_Header
24-03-17 19:16:32 63,3184 63,3184 << End execution trace 
24-03-17 19:16:32                 Execution trace by 'Common VBA Execution Trace Service (mTrc)' (https://github.com/warbe-maker/VBA-Trace)
24-03-17 19:16:32                 Impact on the overall performance (caused by the trace itself): 0,3 milliseconds!
===========================================================================================================================================
24-03-17 19:23:04 Elapsed Length  Execution trace by 'Common VBA Execution Trace Service (mTrc)' (https://github.com/warbe-maker/VBA-Trace)
24-03-17 19:23:04 seconds seconds >> Begin execution trace 
24-03-17 19:23:04 00,0000         |  >> mPrivProfTest.Test_800_Lifecycle
24-03-17 19:23:04 00,0121 00,0121 |  << mPrivProfTest.Test_800_Lifecycle
24-03-17 19:23:04 00,0121 00,0121 << End execution trace 
24-03-17 19:23:04                 Execution trace by 'Common VBA Execution Trace Service (mTrc)' (https://github.com/warbe-maker/VBA-Trace)
24-03-17 19:23:04                 Impact on the overall performance (caused by the trace itself): 2,1 milliseconds!
===========================================================================================================================================
24-03-17 19:24:37 Elapsed Length  Execution trace by 'Common VBA Execution Trace Service (mTrc)' (https://github.com/warbe-maker/VBA-Trace)
24-03-17 19:24:37 seconds seconds >> Begin execution trace 
24-03-17 19:24:37 00,0000         |  >> mPrivProfTest.Test_200_Property_Header
24-03-17 19:24:43 05,8388         |  |  >> 200-1 Property clsPrivProf.Header Let: File header write
24-03-17 19:24:43 05,8399         |  |  |  >> clsPrivProf.FileAsDict (E:\Sync\Excel VBA\DevAndTest\PrivProf\PrivProf.dat)
24-03-17 19:24:43 05,8409 00,0011 |  |  |  << clsPrivProf.FileAsDict (E:\Sync\Excel VBA\DevAndTest\PrivProf\PrivProf.dat)
24-03-17 19:24:43 05,8432 00,0043 |  |  << 200-1 Property clsPrivProf.Header Let: File header write
===========================================================================================================================================
24-03-17 19:24:57 Elapsed Length  Execution trace by 'Common VBA Execution Trace Service (mTrc)' (https://github.com/warbe-maker/VBA-Trace)
24-03-17 19:24:57 seconds seconds >> Begin execution trace 
24-03-17 19:24:57 00,0000         |  >> mPrivProfTest.Test_200_Property_Header
===========================================================================================================================================
24-03-17 19:25:08 Elapsed Length  Execution trace by 'Common VBA Execution Trace Service (mTrc)' (https://github.com/warbe-maker/VBA-Trace)
24-03-17 19:25:08 seconds seconds >> Begin execution trace 
24-03-17 19:25:08 00,0000         |  >> mPrivProfTest.Test_200_Property_Header
