24-10-08 15:38:37 Elapsed Length  Execution trace by 'Common VBA Execution Trace Service (mTrc)' (https://github.com/warbe-maker/VBA-Trace)
24-10-08 15:38:37 seconds seconds >> Update Outdated Common Components (by CompMan.xlsb) for PrivProf.xlsb
24-10-08 15:38:37 00,0000         |  >> mCompMan.UpdateOutdatedCommonComponents
24-10-08 15:38:37 00,0013         |  |  >> mCompMan.ServiceInitiate
24-10-08 15:38:37 00,0030         |  |  |  >> clsServiced.MaxLengths
24-10-08 15:38:37 00,3335 00,3305 |  |  |  << clsServiced.MaxLengths
24-10-08 15:38:37 00,3357         |  |  |  >> mHskpng.CommComps
24-10-08 15:38:37 00,3711         |  |  |  |  >> mHskpng.CommCompsPublicObsolete
24-10-08 15:38:37 00,4111 00,0399 |  |  |  |  << mHskpng.CommCompsPublicObsolete
24-10-08 15:38:37 00,4136         |  |  |  |  >> mHskpng.CommCompsPublicNew
24-10-08 15:38:37 00,4469 00,0333 |  |  |  |  << mHskpng.CommCompsPublicNew
24-10-08 15:38:37 00,4491         |  |  |  |  >> mHskpng.CommCompsServicedHosted
24-10-08 15:38:37 00,4732 00,0240 |  |  |  |  << mHskpng.CommCompsServicedHosted
24-10-08 15:38:37 00,4769         |  |  |  |  >> mHskpng.CommCompsServicedNotHosted
24-10-08 15:38:37 00,5885 00,1116 |  |  |  |  << mHskpng.CommCompsServicedNotHosted
24-10-08 15:38:37 00,5927         |  |  |  |  >> mHskpng.CommCompsServicedKindOf
24-10-08 15:38:37 00,6111 00,0184 |  |  |  |  << mHskpng.CommCompsServicedKindOf
24-10-08 15:38:37 00,6143         |  |  |  |  >> mHskpng.CommCompsServicedObsolete
24-10-08 15:38:37 00,8466 00,2323 |  |  |  |  << mHskpng.CommCompsServicedObsolete
24-10-08 15:38:37 00,8495         |  |  |  |  >> mHskpng.CommCompsServicedPendingRelease
24-10-08 15:38:37 00,8532 00,0037 |  |  |  |  << mHskpng.CommCompsServicedPendingRelease
24-10-08 15:38:37 00,8559         |  |  |  |  >> mHskpng.CommCompsServicedPendingReleaseOutstanding
24-10-08 15:38:38 01,3757 00,5198 |  |  |  |  << mHskpng.CommCompsServicedPendingReleaseOutstanding
24-10-08 15:38:38 01,3812         |  |  |  |  >> mHskpng.CommCompsServicedProperties
24-10-08 15:38:39 02,1668 00,7856 |  |  |  |  << mHskpng.CommCompsServicedProperties
24-10-08 15:38:39 02,1686 01,8329 |  |  |  << mHskpng.CommComps
24-10-08 15:38:39 02,1689 02,1676 |  |  << mCompMan.ServiceInitiate
24-10-08 15:38:39 02,1691         |  |  >> mCompMan.UpdateOutdatedCommonComponents
24-10-08 15:38:39 02,1694         |  |  |  >> mCommComps.CollectOutdated
24-10-08 15:38:39 02,8146 00,6452 |  |  |  << mCommComps.CollectOutdated
24-10-08 15:38:39 02,8172 00,6481 |  |  << mCompMan.UpdateOutdatedCommonComponents
===========================================================================================================================================
24-10-08 15:44:10 Elapsed Length  Execution trace by 'Common VBA Execution Trace Service (mTrc)' (https://github.com/warbe-maker/VBA-Trace)
24-10-08 15:44:10 seconds seconds >> Export Changed Components (by CompMan.xlsb) for PrivProf.xlsb
24-10-08 15:44:10 00,0000         |  >> mCompMan.ExportChangedComponents
24-10-08 15:44:10 00,0006         |  |  >> mCompMan.ServiceInitiate
24-10-08 15:44:10 00,0017         |  |  |  >> clsServiced.MaxLengths
24-10-08 15:44:10 00,2372 00,2355 |  |  |  << clsServiced.MaxLengths
24-10-08 15:44:10 00,2392         |  |  |  >> mHskpng.CommComps
24-10-08 15:44:11 00,2701         |  |  |  |  >> mHskpng.CommCompsPublicObsolete
24-10-08 15:44:11 00,2900 00,0200 |  |  |  |  << mHskpng.CommCompsPublicObsolete
24-10-08 15:44:11 00,2918         |  |  |  |  >> mHskpng.CommCompsPublicNew
24-10-08 15:44:11 00,3123 00,0205 |  |  |  |  << mHskpng.CommCompsPublicNew
24-10-08 15:44:11 00,3141         |  |  |  |  >> mHskpng.CommCompsServicedHosted
24-10-08 15:44:11 00,3227 00,0087 |  |  |  |  << mHskpng.CommCompsServicedHosted
24-10-08 15:44:11 00,3245         |  |  |  |  >> mHskpng.CommCompsServicedNotHosted
24-10-08 15:44:11 00,3839 00,0594 |  |  |  |  << mHskpng.CommCompsServicedNotHosted
24-10-08 15:44:11 00,3857         |  |  |  |  >> mHskpng.CommCompsServicedKindOf
24-10-08 15:44:11 00,3934 00,0076 |  |  |  |  << mHskpng.CommCompsServicedKindOf
24-10-08 15:44:11 00,3950         |  |  |  |  >> mHskpng.CommCompsServicedObsolete
24-10-08 15:44:11 00,5397 00,1447 |  |  |  |  << mHskpng.CommCompsServicedObsolete
24-10-08 15:44:11 00,5420         |  |  |  |  >> mHskpng.CommCompsServicedPendingRelease
24-10-08 15:44:11 00,5456 00,0035 |  |  |  |  << mHskpng.CommCompsServicedPendingRelease
24-10-08 15:44:11 00,5479         |  |  |  |  >> mHskpng.CommCompsServicedPendingReleaseOutstanding
24-10-08 15:44:11 00,8569 00,3090 |  |  |  |  << mHskpng.CommCompsServicedPendingReleaseOutstanding
24-10-08 15:44:11 00,8619         |  |  |  |  >> mHskpng.CommCompsServicedProperties
24-10-08 15:44:12 01,2687 00,4069 |  |  |  |  << mHskpng.CommCompsServicedProperties
24-10-08 15:44:12 01,2716 01,0323 |  |  |  << mHskpng.CommComps
24-10-08 15:44:12 01,2720 01,2713 |  |  << mCompMan.ServiceInitiate
24-10-08 15:44:12 01,4110         |  |  >> clsServices.ExportChangedComponents
24-10-08 15:44:12 01,4115         |  |  |  >> mExport.ChangedComponents
24-10-08 15:44:12 02,1866         |  |  |  |  >> mHskpng.RemoveServiceRemains
24-10-08 15:44:12 02,1870 00,0004 |  |  |  |  << mHskpng.RemoveServiceRemains
24-10-08 15:44:12 02,1882 00,7767 |  |  |  << mExport.ChangedComponents
24-10-08 15:44:12 02,1884 00,7774 |  |  << clsServices.ExportChangedComponents
24-10-08 15:44:12 02,1886 02,1886 |  << mCompMan.ExportChangedComponents
24-10-08 15:44:12 02,1886 02,1886 << Export Changed Components (by CompMan.xlsb) for PrivProf.xlsb
24-10-08 15:44:12                 Execution trace by 'Common VBA Execution Trace Service (mTrc)' (https://github.com/warbe-maker/VBA-Trace)
24-10-08 15:44:12                 Impact on the overall performance (caused by the trace itself): 0,2 milliseconds!
===========================================================================================================================================
24-10-08 15:44:20 Elapsed Length  Execution trace by 'Common VBA Execution Trace Service (mTrc)' (https://github.com/warbe-maker/VBA-Trace)
24-10-08 15:44:20 seconds seconds >> Export Changed Components (by CompMan.xlsb) for PrivProf.xlsb
24-10-08 15:44:20 00,0000         |  >> mCompMan.ExportChangedComponents
24-10-08 15:44:20 00,0006         |  |  >> mCompMan.ServiceInitiate
24-10-08 15:44:20 00,0014         |  |  |  >> clsServiced.MaxLengths
24-10-08 15:44:20 00,2322 00,2309 |  |  |  << clsServiced.MaxLengths
24-10-08 15:44:20 00,2343         |  |  |  >> mHskpng.CommComps
24-10-08 15:44:20 00,2624         |  |  |  |  >> mHskpng.CommCompsPublicObsolete
24-10-08 15:44:20 00,2817 00,0193 |  |  |  |  << mHskpng.CommCompsPublicObsolete
24-10-08 15:44:20 00,2835         |  |  |  |  >> mHskpng.CommCompsPublicNew
24-10-08 15:44:20 00,3051 00,0215 |  |  |  |  << mHskpng.CommCompsPublicNew
24-10-08 15:44:20 00,3071         |  |  |  |  >> mHskpng.CommCompsServicedHosted
24-10-08 15:44:20 00,3161 00,0090 |  |  |  |  << mHskpng.CommCompsServicedHosted
24-10-08 15:44:20 00,3178         |  |  |  |  >> mHskpng.CommCompsServicedNotHosted
24-10-08 15:44:20 00,3800 00,0622 |  |  |  |  << mHskpng.CommCompsServicedNotHosted
24-10-08 15:44:20 00,3818         |  |  |  |  >> mHskpng.CommCompsServicedKindOf
24-10-08 15:44:20 00,3899 00,0081 |  |  |  |  << mHskpng.CommCompsServicedKindOf
24-10-08 15:44:20 00,3925         |  |  |  |  >> mHskpng.CommCompsServicedObsolete
24-10-08 15:44:20 00,5049 00,1123 |  |  |  |  << mHskpng.CommCompsServicedObsolete
24-10-08 15:44:20 00,5068         |  |  |  |  >> mHskpng.CommCompsServicedPendingRelease
24-10-08 15:44:20 00,5106 00,0037 |  |  |  |  << mHskpng.CommCompsServicedPendingRelease
24-10-08 15:44:20 00,5130         |  |  |  |  >> mHskpng.CommCompsServicedPendingReleaseOutstanding
24-10-08 15:44:21 00,9648 00,4518 |  |  |  |  << mHskpng.CommCompsServicedPendingReleaseOutstanding
24-10-08 15:44:21 00,9682         |  |  |  |  >> mHskpng.CommCompsServicedProperties
24-10-08 15:44:21 01,6438 00,6757 |  |  |  |  << mHskpng.CommCompsServicedProperties
24-10-08 15:44:21 01,6459 01,4117 |  |  |  << mHskpng.CommComps
24-10-08 15:44:21 01,6462 01,6457 |  |  << mCompMan.ServiceInitiate
24-10-08 15:44:21 01,6764         |  |  >> clsServices.ExportChangedComponents
24-10-08 15:44:21 01,6766         |  |  |  >> mExport.ChangedComponents
24-10-08 15:44:22 02,3835         |  |  |  |  >> mHskpng.RemoveServiceRemains
24-10-08 15:44:22 02,3839 00,0004 |  |  |  |  << mHskpng.RemoveServiceRemains
24-10-08 15:44:22 02,4274 00,7507 |  |  |  << mExport.ChangedComponents
24-10-08 15:44:22 02,4277 00,7513 |  |  << clsServices.ExportChangedComponents
24-10-08 15:44:22 02,4279 02,4279 |  << mCompMan.ExportChangedComponents
24-10-08 15:44:22 02,4279 02,4279 << Export Changed Components (by CompMan.xlsb) for PrivProf.xlsb
24-10-08 15:44:22                 Execution trace by 'Common VBA Execution Trace Service (mTrc)' (https://github.com/warbe-maker/VBA-Trace)
24-10-08 15:44:22                 Impact on the overall performance (caused by the trace itself): 0,2 milliseconds!
===========================================================================================================================================
24-10-08 15:44:33 Elapsed Length  Execution trace by 'Common VBA Execution Trace Service (mTrc)' (https://github.com/warbe-maker/VBA-Trace)
24-10-08 15:44:33 seconds seconds >> Export Changed Components (by CompMan.xlsb) for PrivProf.xlsb
24-10-08 15:44:33 00,0000         |  >> mCompMan.ServiceInitiate
24-10-08 15:44:33 00,0018         |  |  >> clsServiced.MaxLengths
24-10-08 15:44:33 00,2896 00,2877 |  |  << clsServiced.MaxLengths
24-10-08 15:44:33 00,2916 00,2916 |  << mCompMan.ServiceInitiate
24-10-08 15:44:33 00,2916 00,2916 << Export Changed Components (by CompMan.xlsb) for PrivProf.xlsb
24-10-08 15:44:33                 Execution trace by 'Common VBA Execution Trace Service (mTrc)' (https://github.com/warbe-maker/VBA-Trace)
24-10-08 15:44:33                 Impact on the overall performance (caused by the trace itself): 0,3 milliseconds!
