24-10-08-15:38:39 ------------- Update Outdated Common Components (by CompMan.xlsb) for PrivProf.xlsb --------------
24-10-08-15:38:39 --------------------------------------------------------------------------------------------------
24-10-08-15:38:39  UserForm         fMsg.............:  Serviced Common Component used is up-to-date                
24-10-08-15:38:39  Standard-Module  mErH.............:  Serviced Common Component used is up-to-date                
24-10-08-15:38:39  Standard-Module  mMsg.............:  Serviced Common Component used is up-to-date                
24-10-08-15:38:39  Standard-Module  mTrc.............:  Serviced Common Component used is up-to-date                
24-10-08-15:38:39  Standard-Module  mCompManClient...:  Serviced Common Component used is up-to-date                
24-10-08-15:38:39  Class-Module     clsTestAid.......:  Serviced Common Component used is up-to-date                
24-10-08-15:38:39  Class-Module     clsLog...........:  Serviced Common Component used is up-to-date                
24-10-08-15:38:39  Class-Module     clsPrivProf......:  Serviced Common Component used is up-to-date                
24-10-08-15:44:20 ==================================================================================================
24-10-08-15:44:20 ----------------- Export Changed Components (by CompMan.xlsb) for PrivProf.xlsb ------------------
24-10-08-15:44:20 --------------------------------------------------------------------------------------------------
24-10-08-15:44:20  Class-Module     clsPrivProf......:  Modified Common Component: Release registered pending       
24-10-08-15:44:20                                       Serviced Common Component modified (code differs from public and LastModAt > LastmodAt public): Registered pending release
24-10-08-15:44:20                                       Serviced Common Component modified: Properties pending set equal serviced                                                 
24-10-08-22:53:15 ==================================================================================================
24-10-08-22:53:15 ---------------- Update Outdated Common Components (by Add-in) for PrivProf.xlsb -----------------
24-10-08-22:53:15 --------------------------------------------------------------------------------------------------
24-10-08-22:53:15  UserForm         fMsg.............:  Serviced Common Component used is up-to-date                
24-10-08-22:53:15  Standard-Module  mErH.............:  Serviced Common Component used is up-to-date                
24-10-08-22:53:15  Standard-Module  mMsg.............:  Serviced Common Component used is up-to-date                
24-10-08-22:53:15  Standard-Module  mTrc.............:  Serviced Common Component used is up-to-date                
24-10-08-22:53:16  Standard-Module  mCompManClient...:  Serviced Common Component used is up-to-date                
24-10-08-22:53:16  Class-Module     clsLog...........:  Serviced Common Component used is up-to-date                
24-10-08-22:53:16  Class-Module     clsPrivProf......:  Serviced Common Component used is up-to-date                
24-10-08-22:53:21  Class-Module     clsTestAid.......:  Serviced Common Component updated by re-import of the public Export-File from the Common-Components folder.
24-10-08-23:23:49 ==================================================================================================
24-10-08-23:23:49 -------------------- Export Changed Components (by Add-in) for PrivProf.xlsb ---------------------
24-10-08-23:23:49 --------------------------------------------------------------------------------------------------
24-10-08-23:23:49  Standard-Module  mPrivProfTest....:  Modified VBComponent e x p o r t e d !                      
24-10-08-23:23:58 ==================================================================================================
24-10-08-23:23:58 -------------------- Export Changed Components (by Add-in) for PrivProf.xlsb ---------------------
24-10-08-23:23:58 --------------------------------------------------------------------------------------------------
24-10-08-23:23:58  Class-Module     clsTestAid.......:  Modified Common Component: Release registered pending       
24-10-08-23:23:58                                       Serviced Common Component modified (code differs from public and LastModAt > LastmodAt public): Registered pending release
24-10-08-23:23:58                                       Serviced Common Component modified: Properties pending set equal serviced                                                 
